<?xml version="1.0" encoding="utf-8"?><testsuite errors="0" failures="12" name="pytest" skips="0" tests="183" time="0.966"><testcase classname="test_submit" file="test_submit.py" line="8" name="test_826" time="0.0007107257843017578"></testcase><testcase classname="test_submit" file="test_submit.py" line="12" name="test_1376" time="0.0005934238433837891"></testcase><testcase classname="test_submit" file="test_submit.py" line="16" name="test_1565" time="0.0005545616149902344"></testcase><testcase classname="test_submit" file="test_submit.py" line="24" name="test_2725" time="0.0005362033843994141"></testcase><testcase classname="test_submit" file="test_submit.py" line="28" name="test_2655" time="0.0005900859832763672"></testcase><testcase classname="test_submit" file="test_submit.py" line="32" name="test_2500" time="0.0008447170257568359"></testcase><testcase classname="test_submit" file="test_submit.py" line="40" name="test_1763" time="0.0008261203765869141"></testcase><testcase classname="test_submit" file="test_submit.py" line="44" name="test_168" time="0.0008983612060546875"></testcase><testcase classname="test_submit" file="test_submit.py" line="56" name="test_1304" time="0.0008852481842041016"></testcase><testcase classname="test_submit" file="test_submit.py" line="60" name="test_2600" time="0.0006928443908691406"></testcase><testcase classname="test_submit" file="test_submit.py" line="64" name="test_296" time="0.00060272216796875"></testcase><testcase classname="test_submit" file="test_submit.py" line="68" name="test_1466" time="0.000583648681640625"></testcase><testcase classname="test_submit" file="test_submit.py" line="72" name="test_1076" time="0.0005476474761962891"></testcase><testcase classname="test_submit" file="test_submit.py" line="76" name="test_1271" time="0.0005445480346679688"></testcase><testcase classname="test_submit" file="test_submit.py" line="96" name="test_2785" time="0.0037696361541748047"><failure message="assert None
 +  where None = &lt;built-in method get of dict object at 0x7f108966d558&gt;(&apos;environment&apos;)
 +    where &lt;built-in method get of dict object at 0x7f108966d558&gt; = {&apos;address&apos;: {&apos;maxLength&apos;: 39, &apos;type&apos;: &apos;string&apos;}, &apos;agent_id&apos;: &apos;integer&apos;, &apos;enviroment&apos;: {&apos;maxLength&apos;: 20, &apos;type&apos;: &apos;string&apos;}, &apos;name&apos;: {&apos;maxLength&apos;: 50, &apos;type&apos;: &apos;string&apos;}, ...}.get
 +      where {&apos;address&apos;: {&apos;maxLength&apos;: 39, &apos;type&apos;: &apos;string&apos;}, &apos;agent_id&apos;: &apos;integer&apos;, &apos;enviroment&apos;: {&apos;maxLength&apos;: 20, &apos;type&apos;: &apos;string&apos;}, &apos;name&apos;: {&apos;maxLength&apos;: 50, &apos;type&apos;: &apos;string&apos;}, ...} = &lt;built-in method get of dict object at 0x7f1088f19ea0&gt;(&apos;properties&apos;)
 +        where &lt;built-in method get of dict object at 0x7f1088f19ea0&gt; = {&apos;discriminator&apos;: &apos;agent_id&apos;, &apos;example&apos;: {&apos;address&apos;: &apos;127.0.0.1&apos;, &apos;agent_id&apos;: 1, &apos;enviroment&apos;: &apos;Python&apos;, &apos;name&apos;: &apos;Code...&apos;enviroment&apos;: {&apos;maxLength&apos;: 20, &apos;type&apos;: &apos;string&apos;}, &apos;name&apos;: {&apos;maxLength&apos;: 50, &apos;type&apos;: &apos;string&apos;}, ...}, &apos;type&apos;: &apos;object&apos;}.get
 +          where {&apos;discriminator&apos;: &apos;agent_id&apos;, &apos;example&apos;: {&apos;address&apos;: &apos;127.0.0.1&apos;, &apos;agent_id&apos;: 1, &apos;enviroment&apos;: &apos;Python&apos;, &apos;name&apos;: &apos;Code...&apos;enviroment&apos;: {&apos;maxLength&apos;: 20, &apos;type&apos;: &apos;string&apos;}, &apos;name&apos;: {&apos;maxLength&apos;: 50, &apos;type&apos;: &apos;string&apos;}, ...}, &apos;type&apos;: &apos;object&apos;} = &lt;built-in method get of dict object at 0x7f1088e77990&gt;(&apos;Agent&apos;)
 +            where &lt;built-in method get of dict object at 0x7f1088e77990&gt; = {&apos;Agent&apos;: {&apos;discriminator&apos;: &apos;agent_id&apos;, &apos;example&apos;: {&apos;address&apos;: &apos;127.0.0.1&apos;, &apos;agent_id&apos;: 1, &apos;enviroment&apos;: &apos;Python&apos;, &apos;na...s Python&apos;}, &apos;properties&apos;: {&apos;group_id&apos;: &apos;integer&apos;, &apos;name&apos;: {&apos;maxLength&apos;: 20, &apos;type&apos;: &apos;string&apos;}}, &apos;type&apos;: &apos;object&apos;}, ...}.get
 +              where {&apos;Agent&apos;: {&apos;discriminator&apos;: &apos;agent_id&apos;, &apos;example&apos;: {&apos;address&apos;: &apos;127.0.0.1&apos;, &apos;agent_id&apos;: 1, &apos;enviroment&apos;: &apos;Python&apos;, &apos;na...s Python&apos;}, &apos;properties&apos;: {&apos;group_id&apos;: &apos;integer&apos;, &apos;name&apos;: {&apos;maxLength&apos;: 20, &apos;type&apos;: &apos;string&apos;}}, &apos;type&apos;: &apos;object&apos;}, ...} = &lt;built-in method get of dict object at 0x7f1088e77b88&gt;(&apos;types&apos;)
 +                where &lt;built-in method get of dict object at 0x7f1088e77b88&gt; = {&apos;/agents&apos;: {&apos;/{id}&apos;: {&apos;delete&apos;: {&apos;description&apos;: &apos;Delete Agent&apos;, &apos;responses&apos;: {200: {&apos;body&apos;: {...}}, 401: {&apos;body&apos;: {.....{&quot;message&quot;: &quot;OK&quot;}\n&apos;}}, 401: {&apos;body&apos;: {&apos;application/json&apos;: &apos;{&quot;error&quot;: &quot;Unauthorized&quot;}\n&apos;}}}, &apos;securedBy&apos;: &apos;JWT&apos;}}, ...}.get">E   assert None
     +  where None = &lt;built-in method get of dict object at 0x7f108966d558&gt;(&apos;environment&apos;)
     +    where &lt;built-in method get of dict object at 0x7f108966d558&gt; = {&apos;address&apos;: {&apos;maxLength&apos;: 39, &apos;type&apos;: &apos;string&apos;}, &apos;agent_id&apos;: &apos;integer&apos;, &apos;enviroment&apos;: {&apos;maxLength&apos;: 20, &apos;type&apos;: &apos;string&apos;}, &apos;name&apos;: {&apos;maxLength&apos;: 50, &apos;type&apos;: &apos;string&apos;}, ...}.get
     +      where {&apos;address&apos;: {&apos;maxLength&apos;: 39, &apos;type&apos;: &apos;string&apos;}, &apos;agent_id&apos;: &apos;integer&apos;, &apos;enviroment&apos;: {&apos;maxLength&apos;: 20, &apos;type&apos;: &apos;string&apos;}, &apos;name&apos;: {&apos;maxLength&apos;: 50, &apos;type&apos;: &apos;string&apos;}, ...} = &lt;built-in method get of dict object at 0x7f1088f19ea0&gt;(&apos;properties&apos;)
     +        where &lt;built-in method get of dict object at 0x7f1088f19ea0&gt; = {&apos;discriminator&apos;: &apos;agent_id&apos;, &apos;example&apos;: {&apos;address&apos;: &apos;127.0.0.1&apos;, &apos;agent_id&apos;: 1, &apos;enviroment&apos;: &apos;Python&apos;, &apos;name&apos;: &apos;Code...&apos;enviroment&apos;: {&apos;maxLength&apos;: 20, &apos;type&apos;: &apos;string&apos;}, &apos;name&apos;: {&apos;maxLength&apos;: 50, &apos;type&apos;: &apos;string&apos;}, ...}, &apos;type&apos;: &apos;object&apos;}.get
     +          where {&apos;discriminator&apos;: &apos;agent_id&apos;, &apos;example&apos;: {&apos;address&apos;: &apos;127.0.0.1&apos;, &apos;agent_id&apos;: 1, &apos;enviroment&apos;: &apos;Python&apos;, &apos;name&apos;: &apos;Code...&apos;enviroment&apos;: {&apos;maxLength&apos;: 20, &apos;type&apos;: &apos;string&apos;}, &apos;name&apos;: {&apos;maxLength&apos;: 50, &apos;type&apos;: &apos;string&apos;}, ...}, &apos;type&apos;: &apos;object&apos;} = &lt;built-in method get of dict object at 0x7f1088e77990&gt;(&apos;Agent&apos;)
     +            where &lt;built-in method get of dict object at 0x7f1088e77990&gt; = {&apos;Agent&apos;: {&apos;discriminator&apos;: &apos;agent_id&apos;, &apos;example&apos;: {&apos;address&apos;: &apos;127.0.0.1&apos;, &apos;agent_id&apos;: 1, &apos;enviroment&apos;: &apos;Python&apos;, &apos;na...s Python&apos;}, &apos;properties&apos;: {&apos;group_id&apos;: &apos;integer&apos;, &apos;name&apos;: {&apos;maxLength&apos;: 20, &apos;type&apos;: &apos;string&apos;}}, &apos;type&apos;: &apos;object&apos;}, ...}.get
     +              where {&apos;Agent&apos;: {&apos;discriminator&apos;: &apos;agent_id&apos;, &apos;example&apos;: {&apos;address&apos;: &apos;127.0.0.1&apos;, &apos;agent_id&apos;: 1, &apos;enviroment&apos;: &apos;Python&apos;, &apos;na...s Python&apos;}, &apos;properties&apos;: {&apos;group_id&apos;: &apos;integer&apos;, &apos;name&apos;: {&apos;maxLength&apos;: 20, &apos;type&apos;: &apos;string&apos;}}, &apos;type&apos;: &apos;object&apos;}, ...} = &lt;built-in method get of dict object at 0x7f1088e77b88&gt;(&apos;types&apos;)
     +                where &lt;built-in method get of dict object at 0x7f1088e77b88&gt; = {&apos;/agents&apos;: {&apos;/{id}&apos;: {&apos;delete&apos;: {&apos;description&apos;: &apos;Delete Agent&apos;, &apos;responses&apos;: {200: {&apos;body&apos;: {...}}, 401: {&apos;body&apos;: {.....{&quot;message&quot;: &quot;OK&quot;}\n&apos;}}, 401: {&apos;body&apos;: {&apos;application/json&apos;: &apos;{&quot;error&quot;: &quot;Unauthorized&quot;}\n&apos;}}}, &apos;securedBy&apos;: &apos;JWT&apos;}}, ...}.get</failure></testcase><testcase classname="test_submit" file="test_submit.py" line="104" name="test_2895" time="0.0006461143493652344"></testcase><testcase classname="test_submit" file="test_submit.py" line="108" name="test_1394" time="0.0006020069122314453"></testcase><testcase classname="test_submit" file="test_submit.py" line="112" name="test_2465" time="0.0005643367767333984"></testcase><testcase classname="test_submit" file="test_submit.py" line="120" name="test_2730" time="0.0005309581756591797"></testcase><testcase classname="test_submit" file="test_submit.py" line="124" name="test_2620" time="0.000553131103515625"></testcase><testcase classname="test_submit" file="test_submit.py" line="128" name="test_2340" time="0.002901792526245117"><failure message="assert None
 +  where None = &lt;built-in method get of dict object at 0x7f108966d5a0&gt;(&apos;environment&apos;)
 +    where &lt;built-in method get of dict object at 0x7f108966d5a0&gt; = {&apos;address&apos;: &apos;127.0.0.1&apos;, &apos;agent_id&apos;: 1, &apos;enviroment&apos;: &apos;Python&apos;, &apos;name&apos;: &apos;CodeNation&apos;, ...}.get
 +      where {&apos;address&apos;: &apos;127.0.0.1&apos;, &apos;agent_id&apos;: 1, &apos;enviroment&apos;: &apos;Python&apos;, &apos;name&apos;: &apos;CodeNation&apos;, ...} = &lt;built-in method get of dict object at 0x7f1088f19ea0&gt;(&apos;example&apos;)
 +        where &lt;built-in method get of dict object at 0x7f1088f19ea0&gt; = {&apos;discriminator&apos;: &apos;agent_id&apos;, &apos;example&apos;: {&apos;address&apos;: &apos;127.0.0.1&apos;, &apos;agent_id&apos;: 1, &apos;enviroment&apos;: &apos;Python&apos;, &apos;name&apos;: &apos;Code...&apos;enviroment&apos;: {&apos;maxLength&apos;: 20, &apos;type&apos;: &apos;string&apos;}, &apos;name&apos;: {&apos;maxLength&apos;: 50, &apos;type&apos;: &apos;string&apos;}, ...}, &apos;type&apos;: &apos;object&apos;}.get
 +          where {&apos;discriminator&apos;: &apos;agent_id&apos;, &apos;example&apos;: {&apos;address&apos;: &apos;127.0.0.1&apos;, &apos;agent_id&apos;: 1, &apos;enviroment&apos;: &apos;Python&apos;, &apos;name&apos;: &apos;Code...&apos;enviroment&apos;: {&apos;maxLength&apos;: 20, &apos;type&apos;: &apos;string&apos;}, &apos;name&apos;: {&apos;maxLength&apos;: 50, &apos;type&apos;: &apos;string&apos;}, ...}, &apos;type&apos;: &apos;object&apos;} = &lt;built-in method get of dict object at 0x7f1088e77990&gt;(&apos;Agent&apos;)
 +            where &lt;built-in method get of dict object at 0x7f1088e77990&gt; = {&apos;Agent&apos;: {&apos;discriminator&apos;: &apos;agent_id&apos;, &apos;example&apos;: {&apos;address&apos;: &apos;127.0.0.1&apos;, &apos;agent_id&apos;: 1, &apos;enviroment&apos;: &apos;Python&apos;, &apos;na...s Python&apos;}, &apos;properties&apos;: {&apos;group_id&apos;: &apos;integer&apos;, &apos;name&apos;: {&apos;maxLength&apos;: 20, &apos;type&apos;: &apos;string&apos;}}, &apos;type&apos;: &apos;object&apos;}, ...}.get
 +              where {&apos;Agent&apos;: {&apos;discriminator&apos;: &apos;agent_id&apos;, &apos;example&apos;: {&apos;address&apos;: &apos;127.0.0.1&apos;, &apos;agent_id&apos;: 1, &apos;enviroment&apos;: &apos;Python&apos;, &apos;na...s Python&apos;}, &apos;properties&apos;: {&apos;group_id&apos;: &apos;integer&apos;, &apos;name&apos;: {&apos;maxLength&apos;: 20, &apos;type&apos;: &apos;string&apos;}}, &apos;type&apos;: &apos;object&apos;}, ...} = &lt;built-in method get of dict object at 0x7f1088e77b88&gt;(&apos;types&apos;)
 +                where &lt;built-in method get of dict object at 0x7f1088e77b88&gt; = {&apos;/agents&apos;: {&apos;/{id}&apos;: {&apos;delete&apos;: {&apos;description&apos;: &apos;Delete Agent&apos;, &apos;responses&apos;: {200: {&apos;body&apos;: {...}}, 401: {&apos;body&apos;: {.....{&quot;message&quot;: &quot;OK&quot;}\n&apos;}}, 401: {&apos;body&apos;: {&apos;application/json&apos;: &apos;{&quot;error&quot;: &quot;Unauthorized&quot;}\n&apos;}}}, &apos;securedBy&apos;: &apos;JWT&apos;}}, ...}.get">E   assert None
     +  where None = &lt;built-in method get of dict object at 0x7f108966d5a0&gt;(&apos;environment&apos;)
     +    where &lt;built-in method get of dict object at 0x7f108966d5a0&gt; = {&apos;address&apos;: &apos;127.0.0.1&apos;, &apos;agent_id&apos;: 1, &apos;enviroment&apos;: &apos;Python&apos;, &apos;name&apos;: &apos;CodeNation&apos;, ...}.get
     +      where {&apos;address&apos;: &apos;127.0.0.1&apos;, &apos;agent_id&apos;: 1, &apos;enviroment&apos;: &apos;Python&apos;, &apos;name&apos;: &apos;CodeNation&apos;, ...} = &lt;built-in method get of dict object at 0x7f1088f19ea0&gt;(&apos;example&apos;)
     +        where &lt;built-in method get of dict object at 0x7f1088f19ea0&gt; = {&apos;discriminator&apos;: &apos;agent_id&apos;, &apos;example&apos;: {&apos;address&apos;: &apos;127.0.0.1&apos;, &apos;agent_id&apos;: 1, &apos;enviroment&apos;: &apos;Python&apos;, &apos;name&apos;: &apos;Code...&apos;enviroment&apos;: {&apos;maxLength&apos;: 20, &apos;type&apos;: &apos;string&apos;}, &apos;name&apos;: {&apos;maxLength&apos;: 50, &apos;type&apos;: &apos;string&apos;}, ...}, &apos;type&apos;: &apos;object&apos;}.get
     +          where {&apos;discriminator&apos;: &apos;agent_id&apos;, &apos;example&apos;: {&apos;address&apos;: &apos;127.0.0.1&apos;, &apos;agent_id&apos;: 1, &apos;enviroment&apos;: &apos;Python&apos;, &apos;name&apos;: &apos;Code...&apos;enviroment&apos;: {&apos;maxLength&apos;: 20, &apos;type&apos;: &apos;string&apos;}, &apos;name&apos;: {&apos;maxLength&apos;: 50, &apos;type&apos;: &apos;string&apos;}, ...}, &apos;type&apos;: &apos;object&apos;} = &lt;built-in method get of dict object at 0x7f1088e77990&gt;(&apos;Agent&apos;)
     +            where &lt;built-in method get of dict object at 0x7f1088e77990&gt; = {&apos;Agent&apos;: {&apos;discriminator&apos;: &apos;agent_id&apos;, &apos;example&apos;: {&apos;address&apos;: &apos;127.0.0.1&apos;, &apos;agent_id&apos;: 1, &apos;enviroment&apos;: &apos;Python&apos;, &apos;na...s Python&apos;}, &apos;properties&apos;: {&apos;group_id&apos;: &apos;integer&apos;, &apos;name&apos;: {&apos;maxLength&apos;: 20, &apos;type&apos;: &apos;string&apos;}}, &apos;type&apos;: &apos;object&apos;}, ...}.get
     +              where {&apos;Agent&apos;: {&apos;discriminator&apos;: &apos;agent_id&apos;, &apos;example&apos;: {&apos;address&apos;: &apos;127.0.0.1&apos;, &apos;agent_id&apos;: 1, &apos;enviroment&apos;: &apos;Python&apos;, &apos;na...s Python&apos;}, &apos;properties&apos;: {&apos;group_id&apos;: &apos;integer&apos;, &apos;name&apos;: {&apos;maxLength&apos;: 20, &apos;type&apos;: &apos;string&apos;}}, &apos;type&apos;: &apos;object&apos;}, ...} = &lt;built-in method get of dict object at 0x7f1088e77b88&gt;(&apos;types&apos;)
     +                where &lt;built-in method get of dict object at 0x7f1088e77b88&gt; = {&apos;/agents&apos;: {&apos;/{id}&apos;: {&apos;delete&apos;: {&apos;description&apos;: &apos;Delete Agent&apos;, &apos;responses&apos;: {200: {&apos;body&apos;: {...}}, 401: {&apos;body&apos;: {.....{&quot;message&quot;: &quot;OK&quot;}\n&apos;}}, 401: {&apos;body&apos;: {&apos;application/json&apos;: &apos;{&quot;error&quot;: &quot;Unauthorized&quot;}\n&apos;}}}, &apos;securedBy&apos;: &apos;JWT&apos;}}, ...}.get</failure></testcase><testcase classname="test_submit" file="test_submit.py" line="140" name="test_252" time="0.0007357597351074219"></testcase><testcase classname="test_submit" file="test_submit.py" line="144" name="test_1085" time="0.0006380081176757812"></testcase><testcase classname="test_submit" file="test_submit.py" line="152" name="test_1781" time="0.0006091594696044922"></testcase><testcase classname="test_submit" file="test_submit.py" line="160" name="test_2160" time="0.0005834102630615234"></testcase><testcase classname="test_submit" file="test_submit.py" line="168" name="test_2210" time="0.0005638599395751953"></testcase><testcase classname="test_submit" file="test_submit.py" line="172" name="test_2590" time="0.0026128292083740234"><failure message="assert None
 +  where None = &lt;built-in method get of dict object at 0x7f108966d708&gt;(&apos;shelved&apos;)
 +    where &lt;built-in method get of dict object at 0x7f108966d708&gt; = {&apos;agent_id&apos;: {&apos;type&apos;: &apos;integer&apos;}, &apos;date&apos;: {&apos;type&apos;: &apos;datetime-only&apos;}, &apos;event_id&apos;: {&apos;required&apos;: True, &apos;type&apos;: &apos;integer&apos;}, &apos;level&apos;: {&apos;maxLength&apos;: 20, &apos;type&apos;: &apos;string&apos;}, ...}.get
 +      where {&apos;agent_id&apos;: {&apos;type&apos;: &apos;integer&apos;}, &apos;date&apos;: {&apos;type&apos;: &apos;datetime-only&apos;}, &apos;event_id&apos;: {&apos;required&apos;: True, &apos;type&apos;: &apos;integer&apos;}, &apos;level&apos;: {&apos;maxLength&apos;: 20, &apos;type&apos;: &apos;string&apos;}, ...} = &lt;built-in method get of dict object at 0x7f1088f19d80&gt;(&apos;properties&apos;)
 +        where &lt;built-in method get of dict object at 0x7f1088f19d80&gt; = {&apos;discriminator&apos;: &apos;event_id&apos;, &apos;example&apos;: {&apos;agent_id&apos;: 1, &apos;date&apos;: datetime.datetime(2020, 7, 4, 22, 42), &apos;event_id&apos;: 1,...event_id&apos;: {&apos;required&apos;: True, &apos;type&apos;: &apos;integer&apos;}, &apos;level&apos;: {&apos;maxLength&apos;: 20, &apos;type&apos;: &apos;string&apos;}, ...}, &apos;type&apos;: &apos;object&apos;}.get
 +          where {&apos;discriminator&apos;: &apos;event_id&apos;, &apos;example&apos;: {&apos;agent_id&apos;: 1, &apos;date&apos;: datetime.datetime(2020, 7, 4, 22, 42), &apos;event_id&apos;: 1,...event_id&apos;: {&apos;required&apos;: True, &apos;type&apos;: &apos;integer&apos;}, &apos;level&apos;: {&apos;maxLength&apos;: 20, &apos;type&apos;: &apos;string&apos;}, ...}, &apos;type&apos;: &apos;object&apos;} = &lt;built-in method get of dict object at 0x7f1088e77990&gt;(&apos;Event&apos;)
 +            where &lt;built-in method get of dict object at 0x7f1088e77990&gt; = {&apos;Agent&apos;: {&apos;discriminator&apos;: &apos;agent_id&apos;, &apos;example&apos;: {&apos;address&apos;: &apos;127.0.0.1&apos;, &apos;agent_id&apos;: 1, &apos;enviroment&apos;: &apos;Python&apos;, &apos;na...s Python&apos;}, &apos;properties&apos;: {&apos;group_id&apos;: &apos;integer&apos;, &apos;name&apos;: {&apos;maxLength&apos;: 20, &apos;type&apos;: &apos;string&apos;}}, &apos;type&apos;: &apos;object&apos;}, ...}.get
 +              where {&apos;Agent&apos;: {&apos;discriminator&apos;: &apos;agent_id&apos;, &apos;example&apos;: {&apos;address&apos;: &apos;127.0.0.1&apos;, &apos;agent_id&apos;: 1, &apos;enviroment&apos;: &apos;Python&apos;, &apos;na...s Python&apos;}, &apos;properties&apos;: {&apos;group_id&apos;: &apos;integer&apos;, &apos;name&apos;: {&apos;maxLength&apos;: 20, &apos;type&apos;: &apos;string&apos;}}, &apos;type&apos;: &apos;object&apos;}, ...} = &lt;built-in method get of dict object at 0x7f1088e77b88&gt;(&apos;types&apos;)
 +                where &lt;built-in method get of dict object at 0x7f1088e77b88&gt; = {&apos;/agents&apos;: {&apos;/{id}&apos;: {&apos;delete&apos;: {&apos;description&apos;: &apos;Delete Agent&apos;, &apos;responses&apos;: {200: {&apos;body&apos;: {...}}, 401: {&apos;body&apos;: {.....{&quot;message&quot;: &quot;OK&quot;}\n&apos;}}, 401: {&apos;body&apos;: {&apos;application/json&apos;: &apos;{&quot;error&quot;: &quot;Unauthorized&quot;}\n&apos;}}}, &apos;securedBy&apos;: &apos;JWT&apos;}}, ...}.get">E   assert None
     +  where None = &lt;built-in method get of dict object at 0x7f108966d708&gt;(&apos;shelved&apos;)
     +    where &lt;built-in method get of dict object at 0x7f108966d708&gt; = {&apos;agent_id&apos;: {&apos;type&apos;: &apos;integer&apos;}, &apos;date&apos;: {&apos;type&apos;: &apos;datetime-only&apos;}, &apos;event_id&apos;: {&apos;required&apos;: True, &apos;type&apos;: &apos;integer&apos;}, &apos;level&apos;: {&apos;maxLength&apos;: 20, &apos;type&apos;: &apos;string&apos;}, ...}.get
     +      where {&apos;agent_id&apos;: {&apos;type&apos;: &apos;integer&apos;}, &apos;date&apos;: {&apos;type&apos;: &apos;datetime-only&apos;}, &apos;event_id&apos;: {&apos;required&apos;: True, &apos;type&apos;: &apos;integer&apos;}, &apos;level&apos;: {&apos;maxLength&apos;: 20, &apos;type&apos;: &apos;string&apos;}, ...} = &lt;built-in method get of dict object at 0x7f1088f19d80&gt;(&apos;properties&apos;)
     +        where &lt;built-in method get of dict object at 0x7f1088f19d80&gt; = {&apos;discriminator&apos;: &apos;event_id&apos;, &apos;example&apos;: {&apos;agent_id&apos;: 1, &apos;date&apos;: datetime.datetime(2020, 7, 4, 22, 42), &apos;event_id&apos;: 1,...event_id&apos;: {&apos;required&apos;: True, &apos;type&apos;: &apos;integer&apos;}, &apos;level&apos;: {&apos;maxLength&apos;: 20, &apos;type&apos;: &apos;string&apos;}, ...}, &apos;type&apos;: &apos;object&apos;}.get
     +          where {&apos;discriminator&apos;: &apos;event_id&apos;, &apos;example&apos;: {&apos;agent_id&apos;: 1, &apos;date&apos;: datetime.datetime(2020, 7, 4, 22, 42), &apos;event_id&apos;: 1,...event_id&apos;: {&apos;required&apos;: True, &apos;type&apos;: &apos;integer&apos;}, &apos;level&apos;: {&apos;maxLength&apos;: 20, &apos;type&apos;: &apos;string&apos;}, ...}, &apos;type&apos;: &apos;object&apos;} = &lt;built-in method get of dict object at 0x7f1088e77990&gt;(&apos;Event&apos;)
     +            where &lt;built-in method get of dict object at 0x7f1088e77990&gt; = {&apos;Agent&apos;: {&apos;discriminator&apos;: &apos;agent_id&apos;, &apos;example&apos;: {&apos;address&apos;: &apos;127.0.0.1&apos;, &apos;agent_id&apos;: 1, &apos;enviroment&apos;: &apos;Python&apos;, &apos;na...s Python&apos;}, &apos;properties&apos;: {&apos;group_id&apos;: &apos;integer&apos;, &apos;name&apos;: {&apos;maxLength&apos;: 20, &apos;type&apos;: &apos;string&apos;}}, &apos;type&apos;: &apos;object&apos;}, ...}.get
     +              where {&apos;Agent&apos;: {&apos;discriminator&apos;: &apos;agent_id&apos;, &apos;example&apos;: {&apos;address&apos;: &apos;127.0.0.1&apos;, &apos;agent_id&apos;: 1, &apos;enviroment&apos;: &apos;Python&apos;, &apos;na...s Python&apos;}, &apos;properties&apos;: {&apos;group_id&apos;: &apos;integer&apos;, &apos;name&apos;: {&apos;maxLength&apos;: 20, &apos;type&apos;: &apos;string&apos;}}, &apos;type&apos;: &apos;object&apos;}, ...} = &lt;built-in method get of dict object at 0x7f1088e77b88&gt;(&apos;types&apos;)
     +                where &lt;built-in method get of dict object at 0x7f1088e77b88&gt; = {&apos;/agents&apos;: {&apos;/{id}&apos;: {&apos;delete&apos;: {&apos;description&apos;: &apos;Delete Agent&apos;, &apos;responses&apos;: {200: {&apos;body&apos;: {...}}, 401: {&apos;body&apos;: {.....{&quot;message&quot;: &quot;OK&quot;}\n&apos;}}, 401: {&apos;body&apos;: {&apos;application/json&apos;: &apos;{&quot;error&quot;: &quot;Unauthorized&quot;}\n&apos;}}}, &apos;securedBy&apos;: &apos;JWT&apos;}}, ...}.get</failure></testcase><testcase classname="test_submit" file="test_submit.py" line="184" name="test_2480" time="0.0012428760528564453"></testcase><testcase classname="test_submit" file="test_submit.py" line="188" name="test_2020" time="0.0009107589721679688"></testcase><testcase classname="test_submit" file="test_submit.py" line="192" name="test_2830" time="0.0007693767547607422"></testcase><testcase classname="test_submit" file="test_submit.py" line="196" name="test_2765" time="0.002673625946044922"><failure message="assert None
 +  where None = &lt;built-in method get of dict object at 0x7f108966d750&gt;(&apos;data&apos;)
 +    where &lt;built-in method get of dict object at 0x7f108966d750&gt; = {&apos;agent_id&apos;: 1, &apos;date&apos;: datetime.datetime(2020, 7, 4, 22, 42), &apos;event_id&apos;: 1, &apos;level&apos;: &apos;Event&apos;, ...}.get
 +      where {&apos;agent_id&apos;: 1, &apos;date&apos;: datetime.datetime(2020, 7, 4, 22, 42), &apos;event_id&apos;: 1, &apos;level&apos;: &apos;Event&apos;, ...} = &lt;built-in method get of dict object at 0x7f1088f19d80&gt;(&apos;example&apos;)
 +        where &lt;built-in method get of dict object at 0x7f1088f19d80&gt; = {&apos;discriminator&apos;: &apos;event_id&apos;, &apos;example&apos;: {&apos;agent_id&apos;: 1, &apos;date&apos;: datetime.datetime(2020, 7, 4, 22, 42), &apos;event_id&apos;: 1,...event_id&apos;: {&apos;required&apos;: True, &apos;type&apos;: &apos;integer&apos;}, &apos;level&apos;: {&apos;maxLength&apos;: 20, &apos;type&apos;: &apos;string&apos;}, ...}, &apos;type&apos;: &apos;object&apos;}.get
 +          where {&apos;discriminator&apos;: &apos;event_id&apos;, &apos;example&apos;: {&apos;agent_id&apos;: 1, &apos;date&apos;: datetime.datetime(2020, 7, 4, 22, 42), &apos;event_id&apos;: 1,...event_id&apos;: {&apos;required&apos;: True, &apos;type&apos;: &apos;integer&apos;}, &apos;level&apos;: {&apos;maxLength&apos;: 20, &apos;type&apos;: &apos;string&apos;}, ...}, &apos;type&apos;: &apos;object&apos;} = &lt;built-in method get of dict object at 0x7f1088e77990&gt;(&apos;Event&apos;)
 +            where &lt;built-in method get of dict object at 0x7f1088e77990&gt; = {&apos;Agent&apos;: {&apos;discriminator&apos;: &apos;agent_id&apos;, &apos;example&apos;: {&apos;address&apos;: &apos;127.0.0.1&apos;, &apos;agent_id&apos;: 1, &apos;enviroment&apos;: &apos;Python&apos;, &apos;na...s Python&apos;}, &apos;properties&apos;: {&apos;group_id&apos;: &apos;integer&apos;, &apos;name&apos;: {&apos;maxLength&apos;: 20, &apos;type&apos;: &apos;string&apos;}}, &apos;type&apos;: &apos;object&apos;}, ...}.get
 +              where {&apos;Agent&apos;: {&apos;discriminator&apos;: &apos;agent_id&apos;, &apos;example&apos;: {&apos;address&apos;: &apos;127.0.0.1&apos;, &apos;agent_id&apos;: 1, &apos;enviroment&apos;: &apos;Python&apos;, &apos;na...s Python&apos;}, &apos;properties&apos;: {&apos;group_id&apos;: &apos;integer&apos;, &apos;name&apos;: {&apos;maxLength&apos;: 20, &apos;type&apos;: &apos;string&apos;}}, &apos;type&apos;: &apos;object&apos;}, ...} = &lt;built-in method get of dict object at 0x7f1088e77b88&gt;(&apos;types&apos;)
 +                where &lt;built-in method get of dict object at 0x7f1088e77b88&gt; = {&apos;/agents&apos;: {&apos;/{id}&apos;: {&apos;delete&apos;: {&apos;description&apos;: &apos;Delete Agent&apos;, &apos;responses&apos;: {200: {&apos;body&apos;: {...}}, 401: {&apos;body&apos;: {.....{&quot;message&quot;: &quot;OK&quot;}\n&apos;}}, 401: {&apos;body&apos;: {&apos;application/json&apos;: &apos;{&quot;error&quot;: &quot;Unauthorized&quot;}\n&apos;}}}, &apos;securedBy&apos;: &apos;JWT&apos;}}, ...}.get">E   assert None
     +  where None = &lt;built-in method get of dict object at 0x7f108966d750&gt;(&apos;data&apos;)
     +    where &lt;built-in method get of dict object at 0x7f108966d750&gt; = {&apos;agent_id&apos;: 1, &apos;date&apos;: datetime.datetime(2020, 7, 4, 22, 42), &apos;event_id&apos;: 1, &apos;level&apos;: &apos;Event&apos;, ...}.get
     +      where {&apos;agent_id&apos;: 1, &apos;date&apos;: datetime.datetime(2020, 7, 4, 22, 42), &apos;event_id&apos;: 1, &apos;level&apos;: &apos;Event&apos;, ...} = &lt;built-in method get of dict object at 0x7f1088f19d80&gt;(&apos;example&apos;)
     +        where &lt;built-in method get of dict object at 0x7f1088f19d80&gt; = {&apos;discriminator&apos;: &apos;event_id&apos;, &apos;example&apos;: {&apos;agent_id&apos;: 1, &apos;date&apos;: datetime.datetime(2020, 7, 4, 22, 42), &apos;event_id&apos;: 1,...event_id&apos;: {&apos;required&apos;: True, &apos;type&apos;: &apos;integer&apos;}, &apos;level&apos;: {&apos;maxLength&apos;: 20, &apos;type&apos;: &apos;string&apos;}, ...}, &apos;type&apos;: &apos;object&apos;}.get
     +          where {&apos;discriminator&apos;: &apos;event_id&apos;, &apos;example&apos;: {&apos;agent_id&apos;: 1, &apos;date&apos;: datetime.datetime(2020, 7, 4, 22, 42), &apos;event_id&apos;: 1,...event_id&apos;: {&apos;required&apos;: True, &apos;type&apos;: &apos;integer&apos;}, &apos;level&apos;: {&apos;maxLength&apos;: 20, &apos;type&apos;: &apos;string&apos;}, ...}, &apos;type&apos;: &apos;object&apos;} = &lt;built-in method get of dict object at 0x7f1088e77990&gt;(&apos;Event&apos;)
     +            where &lt;built-in method get of dict object at 0x7f1088e77990&gt; = {&apos;Agent&apos;: {&apos;discriminator&apos;: &apos;agent_id&apos;, &apos;example&apos;: {&apos;address&apos;: &apos;127.0.0.1&apos;, &apos;agent_id&apos;: 1, &apos;enviroment&apos;: &apos;Python&apos;, &apos;na...s Python&apos;}, &apos;properties&apos;: {&apos;group_id&apos;: &apos;integer&apos;, &apos;name&apos;: {&apos;maxLength&apos;: 20, &apos;type&apos;: &apos;string&apos;}}, &apos;type&apos;: &apos;object&apos;}, ...}.get
     +              where {&apos;Agent&apos;: {&apos;discriminator&apos;: &apos;agent_id&apos;, &apos;example&apos;: {&apos;address&apos;: &apos;127.0.0.1&apos;, &apos;agent_id&apos;: 1, &apos;enviroment&apos;: &apos;Python&apos;, &apos;na...s Python&apos;}, &apos;properties&apos;: {&apos;group_id&apos;: &apos;integer&apos;, &apos;name&apos;: {&apos;maxLength&apos;: 20, &apos;type&apos;: &apos;string&apos;}}, &apos;type&apos;: &apos;object&apos;}, ...} = &lt;built-in method get of dict object at 0x7f1088e77b88&gt;(&apos;types&apos;)
     +                where &lt;built-in method get of dict object at 0x7f1088e77b88&gt; = {&apos;/agents&apos;: {&apos;/{id}&apos;: {&apos;delete&apos;: {&apos;description&apos;: &apos;Delete Agent&apos;, &apos;responses&apos;: {200: {&apos;body&apos;: {...}}, 401: {&apos;body&apos;: {.....{&quot;message&quot;: &quot;OK&quot;}\n&apos;}}, 401: {&apos;body&apos;: {&apos;application/json&apos;: &apos;{&quot;error&quot;: &quot;Unauthorized&quot;}\n&apos;}}}, &apos;securedBy&apos;: &apos;JWT&apos;}}, ...}.get</failure></testcase><testcase classname="test_submit" file="test_submit.py" line="200" name="test_2055" time="0.0007011890411376953"></testcase><testcase classname="test_submit" file="test_submit.py" line="204" name="test_764" time="0.0007836818695068359"></testcase><testcase classname="test_submit" file="test_submit.py" line="208" name="test_1742" time="0.0009028911590576172"></testcase><testcase classname="test_submit" file="test_submit.py" line="212" name="test_1643" time="0.0008547306060791016"></testcase><testcase classname="test_submit" file="test_submit.py" line="216" name="test_1790" time="0.0007431507110595703"></testcase><testcase classname="test_submit" file="test_submit.py" line="224" name="test_2015" time="0.0006051063537597656"></testcase><testcase classname="test_submit" file="test_submit.py" line="228" name="test_1232" time="0.0005552768707275391"></testcase><testcase classname="test_submit" file="test_submit.py" line="232" name="test_2845" time="0.0005955696105957031"></testcase><testcase classname="test_submit" file="test_submit.py" line="240" name="test_502" time="0.0005319118499755859"></testcase><testcase classname="test_submit" file="test_submit.py" line="244" name="test_1325" time="0.0006031990051269531"></testcase><testcase classname="test_submit" file="test_submit.py" line="248" name="test_1670" time="0.0006048679351806641"></testcase><testcase classname="test_submit" file="test_submit.py" line="252" name="test_1091" time="0.0005280971527099609"></testcase><testcase classname="test_submit" file="test_submit.py" line="256" name="test_2455" time="0.0005850791931152344"></testcase><testcase classname="test_submit" file="test_submit.py" line="260" name="test_2975" time="0.0005950927734375"></testcase><testcase classname="test_submit" file="test_submit.py" line="264" name="test_2230" time="0.000530242919921875"></testcase><testcase classname="test_submit" file="test_submit.py" line="272" name="test_2670" time="0.0005536079406738281"></testcase><testcase classname="test_submit" file="test_submit.py" line="276" name="test_638" time="0.0005335807800292969"></testcase><testcase classname="test_submit" file="test_submit.py" line="280" name="test_1358" time="0.0005831718444824219"></testcase><testcase classname="test_submit" file="test_submit.py" line="288" name="test_2365" time="0.0006072521209716797"></testcase><testcase classname="test_submit" file="test_submit.py" line="292" name="test_2715" time="0.0005545616149902344"></testcase><testcase classname="test_submit" file="test_submit.py" line="300" name="test_1121" time="0.0005271434783935547"></testcase><testcase classname="test_submit" file="test_submit.py" line="304" name="test_2105" time="0.0005788803100585938"></testcase><testcase classname="test_submit" file="test_submit.py" line="308" name="test_2065" time="0.0005581378936767578"></testcase><testcase classname="test_submit" file="test_submit.py" line="312" name="test_2930" time="0.0009646415710449219"></testcase><testcase classname="test_submit" file="test_submit.py" line="316" name="test_2925" time="0.0007517337799072266"></testcase><testcase classname="test_submit" file="test_submit.py" line="320" name="test_746" time="0.0006749629974365234"></testcase><testcase classname="test_submit" file="test_submit.py" line="324" name="test_1442" time="0.0007171630859375"></testcase><testcase classname="test_submit" file="test_submit.py" line="328" name="test_1826" time="0.0006127357482910156"></testcase><testcase classname="test_submit" file="test_submit.py" line="332" name="test_1382" time="0.0005922317504882812"></testcase><testcase classname="test_submit" file="test_submit.py" line="344" name="test_2290" time="0.0006148815155029297"></testcase><testcase classname="test_submit" file="test_submit.py" line="348" name="test_1055" time="0.0006854534149169922"></testcase><testcase classname="test_submit" file="test_submit.py" line="356" name="test_2030" time="0.0005314350128173828"></testcase><testcase classname="test_submit" file="test_submit.py" line="364" name="test_2200" time="0.0005376338958740234"></testcase><testcase classname="test_submit" file="test_submit.py" line="368" name="test_916" time="0.0005285739898681641"></testcase><testcase classname="test_submit" file="test_submit.py" line="372" name="test_1409" time="0.0005240440368652344"></testcase><testcase classname="test_submit" file="test_submit.py" line="380" name="test_1292" time="0.0005316734313964844"></testcase><testcase classname="test_submit" file="test_submit.py" line="384" name="test_2530" time="0.0005290508270263672"></testcase><testcase classname="test_submit" file="test_submit.py" line="388" name="test_2140" time="0.0005371570587158203"></testcase><testcase classname="test_submit" file="test_submit.py" line="392" name="test_664" time="0.0005500316619873047"></testcase><testcase classname="test_submit" file="test_submit.py" line="396" name="test_1313" time="0.0005235671997070312"></testcase><testcase classname="test_submit" file="test_submit.py" line="400" name="test_2755" time="0.00052642822265625"></testcase><testcase classname="test_submit" file="test_submit.py" line="404" name="test_2305" time="0.0005810260772705078"></testcase><testcase classname="test_submit" file="test_submit.py" line="412" name="test_2965" time="0.0005478858947753906"></testcase><testcase classname="test_submit" file="test_submit.py" line="416" name="test_2060" time="0.0006022453308105469"></testcase><testcase classname="test_submit" file="test_submit.py" line="420" name="test_2625" time="0.0008001327514648438"></testcase><testcase classname="test_submit" file="test_submit.py" line="424" name="test_1295" time="0.0008480548858642578"></testcase><testcase classname="test_submit" file="test_submit.py" line="432" name="test_2555" time="0.0009295940399169922"></testcase><testcase classname="test_submit" file="test_submit.py" line="436" name="test_2610" time="0.0007045269012451172"></testcase><testcase classname="test_submit" file="test_submit.py" line="444" name="test_2295" time="0.0006957054138183594"></testcase><testcase classname="test_submit" file="test_submit.py" line="448" name="test_2800" time="0.0005784034729003906"></testcase><testcase classname="test_submit" file="test_submit.py" line="452" name="test_1460" time="0.0005412101745605469"></testcase><testcase classname="test_submit" file="test_submit.py" line="456" name="test_2745" time="0.0005984306335449219"></testcase><testcase classname="test_submit" file="test_submit.py" line="464" name="test_2990" time="0.0005662441253662109"></testcase><testcase classname="test_submit" file="test_submit.py" line="476" name="test_2510" time="0.000553131103515625"></testcase><testcase classname="test_submit" file="test_submit.py" line="480" name="test_934" time="0.0005662441253662109"></testcase><testcase classname="test_submit" file="test_submit.py" line="484" name="test_1130" time="0.0005545616149902344"></testcase><testcase classname="test_submit" file="test_submit.py" line="492" name="test_2810" time="0.0005426406860351562"></testcase><testcase classname="test_submit" file="test_submit.py" line="500" name="test_2695" time="0.0005438327789306641"></testcase><testcase classname="test_submit" file="test_submit.py" line="508" name="test_2645" time="0.0034193992614746094"><failure message="assert None
 +  where None = &lt;built-in method get of dict object at 0x7f1089694708&gt;(201)
 +    where &lt;built-in method get of dict object at 0x7f1089694708&gt; = {&apos;application/json&apos;: &apos;Event[]&apos;}.get
 +      where {&apos;application/json&apos;: &apos;Event[]&apos;} = &lt;built-in method get of dict object at 0x7f108966da20&gt;(&apos;body&apos;)
 +        where &lt;built-in method get of dict object at 0x7f108966da20&gt; = {&apos;body&apos;: {&apos;application/json&apos;: &apos;Event[]&apos;}, &apos;description&apos;: &apos;Create event to an agent&apos;, &apos;responses&apos;: {201: {&apos;body&apos;: {&apos;app...: &quot;Unauthorized&quot;}\n&apos;}}, 404: {&apos;body&apos;: {&apos;application/json&apos;: &apos;{&quot;error&quot;: &quot;Not found&quot;}          \n&apos;}}}, &apos;securedBy&apos;: &apos;JWT&apos;}.get
 +          where {&apos;body&apos;: {&apos;application/json&apos;: &apos;Event[]&apos;}, &apos;description&apos;: &apos;Create event to an agent&apos;, &apos;responses&apos;: {201: {&apos;body&apos;: {&apos;app...: &quot;Unauthorized&quot;}\n&apos;}}, 404: {&apos;body&apos;: {&apos;application/json&apos;: &apos;{&quot;error&quot;: &quot;Not found&quot;}          \n&apos;}}}, &apos;securedBy&apos;: &apos;JWT&apos;} = &lt;built-in method get of dict object at 0x7f108966d1f8&gt;(&apos;post&apos;)
 +            where &lt;built-in method get of dict object at 0x7f108966d1f8&gt; = {&apos;/{id}&apos;: {&apos;delete&apos;: {&apos;body&apos;: {&apos;application/json&apos;: None}, &apos;description&apos;: &apos;Delet Event&apos;, &apos;responses&apos;: {200: {&apos;body&apos;: {&apos;...uthorized&quot;}\n&apos;}}, 404: {&apos;body&apos;: {&apos;application/json&apos;: &apos;{&quot;error&quot;: &quot;Not found&quot;}          \n&apos;}}}, &apos;securedBy&apos;: &apos;JWT&apos;}, ...}.get
 +              where {&apos;/{id}&apos;: {&apos;delete&apos;: {&apos;body&apos;: {&apos;application/json&apos;: None}, &apos;description&apos;: &apos;Delet Event&apos;, &apos;responses&apos;: {200: {&apos;body&apos;: {&apos;...uthorized&quot;}\n&apos;}}, 404: {&apos;body&apos;: {&apos;application/json&apos;: &apos;{&quot;error&quot;: &quot;Not found&quot;}          \n&apos;}}}, &apos;securedBy&apos;: &apos;JWT&apos;}, ...} = &lt;built-in method get of dict object at 0x7f1088f24438&gt;(&apos;/{id}/events&apos;)
 +                where &lt;built-in method get of dict object at 0x7f1088f24438&gt; = {&apos;/{id}&apos;: {&apos;delete&apos;: {&apos;description&apos;: &apos;Delete Agent&apos;, &apos;responses&apos;: {200: {&apos;body&apos;: {&apos;application/json&apos;: &apos;Agent&apos;}}, 401: .../json&apos;: {&apos;example&apos;: {...}}}}, 401: {&apos;body&apos;: {&apos;application/json&apos;: &apos;{&quot;error&quot;: &quot;Unauthorized&quot;}\n&apos;}}}, &apos;securedBy&apos;: &apos;JWT&apos;}}.get
 +                  where {&apos;/{id}&apos;: {&apos;delete&apos;: {&apos;description&apos;: &apos;Delete Agent&apos;, &apos;responses&apos;: {200: {&apos;body&apos;: {&apos;application/json&apos;: &apos;Agent&apos;}}, 401: .../json&apos;: {&apos;example&apos;: {...}}}}, 401: {&apos;body&apos;: {&apos;application/json&apos;: &apos;{&quot;error&quot;: &quot;Unauthorized&quot;}\n&apos;}}}, &apos;securedBy&apos;: &apos;JWT&apos;}} = &lt;built-in method get of dict object at 0x7f1088e77b88&gt;(&apos;/agents&apos;)
 +                    where &lt;built-in method get of dict object at 0x7f1088e77b88&gt; = {&apos;/agents&apos;: {&apos;/{id}&apos;: {&apos;delete&apos;: {&apos;description&apos;: &apos;Delete Agent&apos;, &apos;responses&apos;: {200: {&apos;body&apos;: {...}}, 401: {&apos;body&apos;: {.....{&quot;message&quot;: &quot;OK&quot;}\n&apos;}}, 401: {&apos;body&apos;: {&apos;application/json&apos;: &apos;{&quot;error&quot;: &quot;Unauthorized&quot;}\n&apos;}}}, &apos;securedBy&apos;: &apos;JWT&apos;}}, ...}.get">E   assert None
     +  where None = &lt;built-in method get of dict object at 0x7f1089694708&gt;(201)
     +    where &lt;built-in method get of dict object at 0x7f1089694708&gt; = {&apos;application/json&apos;: &apos;Event[]&apos;}.get
     +      where {&apos;application/json&apos;: &apos;Event[]&apos;} = &lt;built-in method get of dict object at 0x7f108966da20&gt;(&apos;body&apos;)
     +        where &lt;built-in method get of dict object at 0x7f108966da20&gt; = {&apos;body&apos;: {&apos;application/json&apos;: &apos;Event[]&apos;}, &apos;description&apos;: &apos;Create event to an agent&apos;, &apos;responses&apos;: {201: {&apos;body&apos;: {&apos;app...: &quot;Unauthorized&quot;}\n&apos;}}, 404: {&apos;body&apos;: {&apos;application/json&apos;: &apos;{&quot;error&quot;: &quot;Not found&quot;}          \n&apos;}}}, &apos;securedBy&apos;: &apos;JWT&apos;}.get
     +          where {&apos;body&apos;: {&apos;application/json&apos;: &apos;Event[]&apos;}, &apos;description&apos;: &apos;Create event to an agent&apos;, &apos;responses&apos;: {201: {&apos;body&apos;: {&apos;app...: &quot;Unauthorized&quot;}\n&apos;}}, 404: {&apos;body&apos;: {&apos;application/json&apos;: &apos;{&quot;error&quot;: &quot;Not found&quot;}          \n&apos;}}}, &apos;securedBy&apos;: &apos;JWT&apos;} = &lt;built-in method get of dict object at 0x7f108966d1f8&gt;(&apos;post&apos;)
     +            where &lt;built-in method get of dict object at 0x7f108966d1f8&gt; = {&apos;/{id}&apos;: {&apos;delete&apos;: {&apos;body&apos;: {&apos;application/json&apos;: None}, &apos;description&apos;: &apos;Delet Event&apos;, &apos;responses&apos;: {200: {&apos;body&apos;: {&apos;...uthorized&quot;}\n&apos;}}, 404: {&apos;body&apos;: {&apos;application/json&apos;: &apos;{&quot;error&quot;: &quot;Not found&quot;}          \n&apos;}}}, &apos;securedBy&apos;: &apos;JWT&apos;}, ...}.get
     +              where {&apos;/{id}&apos;: {&apos;delete&apos;: {&apos;body&apos;: {&apos;application/json&apos;: None}, &apos;description&apos;: &apos;Delet Event&apos;, &apos;responses&apos;: {200: {&apos;body&apos;: {&apos;...uthorized&quot;}\n&apos;}}, 404: {&apos;body&apos;: {&apos;application/json&apos;: &apos;{&quot;error&quot;: &quot;Not found&quot;}          \n&apos;}}}, &apos;securedBy&apos;: &apos;JWT&apos;}, ...} = &lt;built-in method get of dict object at 0x7f1088f24438&gt;(&apos;/{id}/events&apos;)
     +                where &lt;built-in method get of dict object at 0x7f1088f24438&gt; = {&apos;/{id}&apos;: {&apos;delete&apos;: {&apos;description&apos;: &apos;Delete Agent&apos;, &apos;responses&apos;: {200: {&apos;body&apos;: {&apos;application/json&apos;: &apos;Agent&apos;}}, 401: .../json&apos;: {&apos;example&apos;: {...}}}}, 401: {&apos;body&apos;: {&apos;application/json&apos;: &apos;{&quot;error&quot;: &quot;Unauthorized&quot;}\n&apos;}}}, &apos;securedBy&apos;: &apos;JWT&apos;}}.get
     +                  where {&apos;/{id}&apos;: {&apos;delete&apos;: {&apos;description&apos;: &apos;Delete Agent&apos;, &apos;responses&apos;: {200: {&apos;body&apos;: {&apos;application/json&apos;: &apos;Agent&apos;}}, 401: .../json&apos;: {&apos;example&apos;: {...}}}}, 401: {&apos;body&apos;: {&apos;application/json&apos;: &apos;{&quot;error&quot;: &quot;Unauthorized&quot;}\n&apos;}}}, &apos;securedBy&apos;: &apos;JWT&apos;}} = &lt;built-in method get of dict object at 0x7f1088e77b88&gt;(&apos;/agents&apos;)
     +                    where &lt;built-in method get of dict object at 0x7f1088e77b88&gt; = {&apos;/agents&apos;: {&apos;/{id}&apos;: {&apos;delete&apos;: {&apos;description&apos;: &apos;Delete Agent&apos;, &apos;responses&apos;: {200: {&apos;body&apos;: {...}}, 401: {&apos;body&apos;: {.....{&quot;message&quot;: &quot;OK&quot;}\n&apos;}}, 401: {&apos;body&apos;: {&apos;application/json&apos;: &apos;{&quot;error&quot;: &quot;Unauthorized&quot;}\n&apos;}}}, &apos;securedBy&apos;: &apos;JWT&apos;}}, ...}.get</failure></testcase><testcase classname="test_submit" file="test_submit.py" line="512" name="test_2185" time="0.0035953521728515625"><failure message="assert None
 +  where None = &lt;built-in method get of dict object at 0x7f1089694708&gt;(401)
 +    where &lt;built-in method get of dict object at 0x7f1089694708&gt; = {&apos;application/json&apos;: &apos;Event[]&apos;}.get
 +      where {&apos;application/json&apos;: &apos;Event[]&apos;} = &lt;built-in method get of dict object at 0x7f108966da20&gt;(&apos;body&apos;)
 +        where &lt;built-in method get of dict object at 0x7f108966da20&gt; = {&apos;body&apos;: {&apos;application/json&apos;: &apos;Event[]&apos;}, &apos;description&apos;: &apos;Create event to an agent&apos;, &apos;responses&apos;: {201: {&apos;body&apos;: {&apos;app...: &quot;Unauthorized&quot;}\n&apos;}}, 404: {&apos;body&apos;: {&apos;application/json&apos;: &apos;{&quot;error&quot;: &quot;Not found&quot;}          \n&apos;}}}, &apos;securedBy&apos;: &apos;JWT&apos;}.get
 +          where {&apos;body&apos;: {&apos;application/json&apos;: &apos;Event[]&apos;}, &apos;description&apos;: &apos;Create event to an agent&apos;, &apos;responses&apos;: {201: {&apos;body&apos;: {&apos;app...: &quot;Unauthorized&quot;}\n&apos;}}, 404: {&apos;body&apos;: {&apos;application/json&apos;: &apos;{&quot;error&quot;: &quot;Not found&quot;}          \n&apos;}}}, &apos;securedBy&apos;: &apos;JWT&apos;} = &lt;built-in method get of dict object at 0x7f108966d1f8&gt;(&apos;post&apos;)
 +            where &lt;built-in method get of dict object at 0x7f108966d1f8&gt; = {&apos;/{id}&apos;: {&apos;delete&apos;: {&apos;body&apos;: {&apos;application/json&apos;: None}, &apos;description&apos;: &apos;Delet Event&apos;, &apos;responses&apos;: {200: {&apos;body&apos;: {&apos;...uthorized&quot;}\n&apos;}}, 404: {&apos;body&apos;: {&apos;application/json&apos;: &apos;{&quot;error&quot;: &quot;Not found&quot;}          \n&apos;}}}, &apos;securedBy&apos;: &apos;JWT&apos;}, ...}.get
 +              where {&apos;/{id}&apos;: {&apos;delete&apos;: {&apos;body&apos;: {&apos;application/json&apos;: None}, &apos;description&apos;: &apos;Delet Event&apos;, &apos;responses&apos;: {200: {&apos;body&apos;: {&apos;...uthorized&quot;}\n&apos;}}, 404: {&apos;body&apos;: {&apos;application/json&apos;: &apos;{&quot;error&quot;: &quot;Not found&quot;}          \n&apos;}}}, &apos;securedBy&apos;: &apos;JWT&apos;}, ...} = &lt;built-in method get of dict object at 0x7f1088f24438&gt;(&apos;/{id}/events&apos;)
 +                where &lt;built-in method get of dict object at 0x7f1088f24438&gt; = {&apos;/{id}&apos;: {&apos;delete&apos;: {&apos;description&apos;: &apos;Delete Agent&apos;, &apos;responses&apos;: {200: {&apos;body&apos;: {&apos;application/json&apos;: &apos;Agent&apos;}}, 401: .../json&apos;: {&apos;example&apos;: {...}}}}, 401: {&apos;body&apos;: {&apos;application/json&apos;: &apos;{&quot;error&quot;: &quot;Unauthorized&quot;}\n&apos;}}}, &apos;securedBy&apos;: &apos;JWT&apos;}}.get
 +                  where {&apos;/{id}&apos;: {&apos;delete&apos;: {&apos;description&apos;: &apos;Delete Agent&apos;, &apos;responses&apos;: {200: {&apos;body&apos;: {&apos;application/json&apos;: &apos;Agent&apos;}}, 401: .../json&apos;: {&apos;example&apos;: {...}}}}, 401: {&apos;body&apos;: {&apos;application/json&apos;: &apos;{&quot;error&quot;: &quot;Unauthorized&quot;}\n&apos;}}}, &apos;securedBy&apos;: &apos;JWT&apos;}} = &lt;built-in method get of dict object at 0x7f1088e77b88&gt;(&apos;/agents&apos;)
 +                    where &lt;built-in method get of dict object at 0x7f1088e77b88&gt; = {&apos;/agents&apos;: {&apos;/{id}&apos;: {&apos;delete&apos;: {&apos;description&apos;: &apos;Delete Agent&apos;, &apos;responses&apos;: {200: {&apos;body&apos;: {...}}, 401: {&apos;body&apos;: {.....{&quot;message&quot;: &quot;OK&quot;}\n&apos;}}, 401: {&apos;body&apos;: {&apos;application/json&apos;: &apos;{&quot;error&quot;: &quot;Unauthorized&quot;}\n&apos;}}}, &apos;securedBy&apos;: &apos;JWT&apos;}}, ...}.get">E   assert None
     +  where None = &lt;built-in method get of dict object at 0x7f1089694708&gt;(401)
     +    where &lt;built-in method get of dict object at 0x7f1089694708&gt; = {&apos;application/json&apos;: &apos;Event[]&apos;}.get
     +      where {&apos;application/json&apos;: &apos;Event[]&apos;} = &lt;built-in method get of dict object at 0x7f108966da20&gt;(&apos;body&apos;)
     +        where &lt;built-in method get of dict object at 0x7f108966da20&gt; = {&apos;body&apos;: {&apos;application/json&apos;: &apos;Event[]&apos;}, &apos;description&apos;: &apos;Create event to an agent&apos;, &apos;responses&apos;: {201: {&apos;body&apos;: {&apos;app...: &quot;Unauthorized&quot;}\n&apos;}}, 404: {&apos;body&apos;: {&apos;application/json&apos;: &apos;{&quot;error&quot;: &quot;Not found&quot;}          \n&apos;}}}, &apos;securedBy&apos;: &apos;JWT&apos;}.get
     +          where {&apos;body&apos;: {&apos;application/json&apos;: &apos;Event[]&apos;}, &apos;description&apos;: &apos;Create event to an agent&apos;, &apos;responses&apos;: {201: {&apos;body&apos;: {&apos;app...: &quot;Unauthorized&quot;}\n&apos;}}, 404: {&apos;body&apos;: {&apos;application/json&apos;: &apos;{&quot;error&quot;: &quot;Not found&quot;}          \n&apos;}}}, &apos;securedBy&apos;: &apos;JWT&apos;} = &lt;built-in method get of dict object at 0x7f108966d1f8&gt;(&apos;post&apos;)
     +            where &lt;built-in method get of dict object at 0x7f108966d1f8&gt; = {&apos;/{id}&apos;: {&apos;delete&apos;: {&apos;body&apos;: {&apos;application/json&apos;: None}, &apos;description&apos;: &apos;Delet Event&apos;, &apos;responses&apos;: {200: {&apos;body&apos;: {&apos;...uthorized&quot;}\n&apos;}}, 404: {&apos;body&apos;: {&apos;application/json&apos;: &apos;{&quot;error&quot;: &quot;Not found&quot;}          \n&apos;}}}, &apos;securedBy&apos;: &apos;JWT&apos;}, ...}.get
     +              where {&apos;/{id}&apos;: {&apos;delete&apos;: {&apos;body&apos;: {&apos;application/json&apos;: None}, &apos;description&apos;: &apos;Delet Event&apos;, &apos;responses&apos;: {200: {&apos;body&apos;: {&apos;...uthorized&quot;}\n&apos;}}, 404: {&apos;body&apos;: {&apos;application/json&apos;: &apos;{&quot;error&quot;: &quot;Not found&quot;}          \n&apos;}}}, &apos;securedBy&apos;: &apos;JWT&apos;}, ...} = &lt;built-in method get of dict object at 0x7f1088f24438&gt;(&apos;/{id}/events&apos;)
     +                where &lt;built-in method get of dict object at 0x7f1088f24438&gt; = {&apos;/{id}&apos;: {&apos;delete&apos;: {&apos;description&apos;: &apos;Delete Agent&apos;, &apos;responses&apos;: {200: {&apos;body&apos;: {&apos;application/json&apos;: &apos;Agent&apos;}}, 401: .../json&apos;: {&apos;example&apos;: {...}}}}, 401: {&apos;body&apos;: {&apos;application/json&apos;: &apos;{&quot;error&quot;: &quot;Unauthorized&quot;}\n&apos;}}}, &apos;securedBy&apos;: &apos;JWT&apos;}}.get
     +                  where {&apos;/{id}&apos;: {&apos;delete&apos;: {&apos;description&apos;: &apos;Delete Agent&apos;, &apos;responses&apos;: {200: {&apos;body&apos;: {&apos;application/json&apos;: &apos;Agent&apos;}}, 401: .../json&apos;: {&apos;example&apos;: {...}}}}, 401: {&apos;body&apos;: {&apos;application/json&apos;: &apos;{&quot;error&quot;: &quot;Unauthorized&quot;}\n&apos;}}}, &apos;securedBy&apos;: &apos;JWT&apos;}} = &lt;built-in method get of dict object at 0x7f1088e77b88&gt;(&apos;/agents&apos;)
     +                    where &lt;built-in method get of dict object at 0x7f1088e77b88&gt; = {&apos;/agents&apos;: {&apos;/{id}&apos;: {&apos;delete&apos;: {&apos;description&apos;: &apos;Delete Agent&apos;, &apos;responses&apos;: {200: {&apos;body&apos;: {...}}, 401: {&apos;body&apos;: {.....{&quot;message&quot;: &quot;OK&quot;}\n&apos;}}, 401: {&apos;body&apos;: {&apos;application/json&apos;: &apos;{&quot;error&quot;: &quot;Unauthorized&quot;}\n&apos;}}}, &apos;securedBy&apos;: &apos;JWT&apos;}}, ...}.get</failure></testcase><testcase classname="test_submit" file="test_submit.py" line="516" name="test_2580" time="0.00395655632019043"><failure message="assert None
 +  where None = &lt;built-in method get of dict object at 0x7f1089694708&gt;(404)
 +    where &lt;built-in method get of dict object at 0x7f1089694708&gt; = {&apos;application/json&apos;: &apos;Event[]&apos;}.get
 +      where {&apos;application/json&apos;: &apos;Event[]&apos;} = &lt;built-in method get of dict object at 0x7f108966da20&gt;(&apos;body&apos;)
 +        where &lt;built-in method get of dict object at 0x7f108966da20&gt; = {&apos;body&apos;: {&apos;application/json&apos;: &apos;Event[]&apos;}, &apos;description&apos;: &apos;Create event to an agent&apos;, &apos;responses&apos;: {201: {&apos;body&apos;: {&apos;app...: &quot;Unauthorized&quot;}\n&apos;}}, 404: {&apos;body&apos;: {&apos;application/json&apos;: &apos;{&quot;error&quot;: &quot;Not found&quot;}          \n&apos;}}}, &apos;securedBy&apos;: &apos;JWT&apos;}.get
 +          where {&apos;body&apos;: {&apos;application/json&apos;: &apos;Event[]&apos;}, &apos;description&apos;: &apos;Create event to an agent&apos;, &apos;responses&apos;: {201: {&apos;body&apos;: {&apos;app...: &quot;Unauthorized&quot;}\n&apos;}}, 404: {&apos;body&apos;: {&apos;application/json&apos;: &apos;{&quot;error&quot;: &quot;Not found&quot;}          \n&apos;}}}, &apos;securedBy&apos;: &apos;JWT&apos;} = &lt;built-in method get of dict object at 0x7f108966d1f8&gt;(&apos;post&apos;)
 +            where &lt;built-in method get of dict object at 0x7f108966d1f8&gt; = {&apos;/{id}&apos;: {&apos;delete&apos;: {&apos;body&apos;: {&apos;application/json&apos;: None}, &apos;description&apos;: &apos;Delet Event&apos;, &apos;responses&apos;: {200: {&apos;body&apos;: {&apos;...uthorized&quot;}\n&apos;}}, 404: {&apos;body&apos;: {&apos;application/json&apos;: &apos;{&quot;error&quot;: &quot;Not found&quot;}          \n&apos;}}}, &apos;securedBy&apos;: &apos;JWT&apos;}, ...}.get
 +              where {&apos;/{id}&apos;: {&apos;delete&apos;: {&apos;body&apos;: {&apos;application/json&apos;: None}, &apos;description&apos;: &apos;Delet Event&apos;, &apos;responses&apos;: {200: {&apos;body&apos;: {&apos;...uthorized&quot;}\n&apos;}}, 404: {&apos;body&apos;: {&apos;application/json&apos;: &apos;{&quot;error&quot;: &quot;Not found&quot;}          \n&apos;}}}, &apos;securedBy&apos;: &apos;JWT&apos;}, ...} = &lt;built-in method get of dict object at 0x7f1088f24438&gt;(&apos;/{id}/events&apos;)
 +                where &lt;built-in method get of dict object at 0x7f1088f24438&gt; = {&apos;/{id}&apos;: {&apos;delete&apos;: {&apos;description&apos;: &apos;Delete Agent&apos;, &apos;responses&apos;: {200: {&apos;body&apos;: {&apos;application/json&apos;: &apos;Agent&apos;}}, 401: .../json&apos;: {&apos;example&apos;: {...}}}}, 401: {&apos;body&apos;: {&apos;application/json&apos;: &apos;{&quot;error&quot;: &quot;Unauthorized&quot;}\n&apos;}}}, &apos;securedBy&apos;: &apos;JWT&apos;}}.get
 +                  where {&apos;/{id}&apos;: {&apos;delete&apos;: {&apos;description&apos;: &apos;Delete Agent&apos;, &apos;responses&apos;: {200: {&apos;body&apos;: {&apos;application/json&apos;: &apos;Agent&apos;}}, 401: .../json&apos;: {&apos;example&apos;: {...}}}}, 401: {&apos;body&apos;: {&apos;application/json&apos;: &apos;{&quot;error&quot;: &quot;Unauthorized&quot;}\n&apos;}}}, &apos;securedBy&apos;: &apos;JWT&apos;}} = &lt;built-in method get of dict object at 0x7f1088e77b88&gt;(&apos;/agents&apos;)
 +                    where &lt;built-in method get of dict object at 0x7f1088e77b88&gt; = {&apos;/agents&apos;: {&apos;/{id}&apos;: {&apos;delete&apos;: {&apos;description&apos;: &apos;Delete Agent&apos;, &apos;responses&apos;: {200: {&apos;body&apos;: {...}}, 401: {&apos;body&apos;: {.....{&quot;message&quot;: &quot;OK&quot;}\n&apos;}}, 401: {&apos;body&apos;: {&apos;application/json&apos;: &apos;{&quot;error&quot;: &quot;Unauthorized&quot;}\n&apos;}}}, &apos;securedBy&apos;: &apos;JWT&apos;}}, ...}.get">E   assert None
     +  where None = &lt;built-in method get of dict object at 0x7f1089694708&gt;(404)
     +    where &lt;built-in method get of dict object at 0x7f1089694708&gt; = {&apos;application/json&apos;: &apos;Event[]&apos;}.get
     +      where {&apos;application/json&apos;: &apos;Event[]&apos;} = &lt;built-in method get of dict object at 0x7f108966da20&gt;(&apos;body&apos;)
     +        where &lt;built-in method get of dict object at 0x7f108966da20&gt; = {&apos;body&apos;: {&apos;application/json&apos;: &apos;Event[]&apos;}, &apos;description&apos;: &apos;Create event to an agent&apos;, &apos;responses&apos;: {201: {&apos;body&apos;: {&apos;app...: &quot;Unauthorized&quot;}\n&apos;}}, 404: {&apos;body&apos;: {&apos;application/json&apos;: &apos;{&quot;error&quot;: &quot;Not found&quot;}          \n&apos;}}}, &apos;securedBy&apos;: &apos;JWT&apos;}.get
     +          where {&apos;body&apos;: {&apos;application/json&apos;: &apos;Event[]&apos;}, &apos;description&apos;: &apos;Create event to an agent&apos;, &apos;responses&apos;: {201: {&apos;body&apos;: {&apos;app...: &quot;Unauthorized&quot;}\n&apos;}}, 404: {&apos;body&apos;: {&apos;application/json&apos;: &apos;{&quot;error&quot;: &quot;Not found&quot;}          \n&apos;}}}, &apos;securedBy&apos;: &apos;JWT&apos;} = &lt;built-in method get of dict object at 0x7f108966d1f8&gt;(&apos;post&apos;)
     +            where &lt;built-in method get of dict object at 0x7f108966d1f8&gt; = {&apos;/{id}&apos;: {&apos;delete&apos;: {&apos;body&apos;: {&apos;application/json&apos;: None}, &apos;description&apos;: &apos;Delet Event&apos;, &apos;responses&apos;: {200: {&apos;body&apos;: {&apos;...uthorized&quot;}\n&apos;}}, 404: {&apos;body&apos;: {&apos;application/json&apos;: &apos;{&quot;error&quot;: &quot;Not found&quot;}          \n&apos;}}}, &apos;securedBy&apos;: &apos;JWT&apos;}, ...}.get
     +              where {&apos;/{id}&apos;: {&apos;delete&apos;: {&apos;body&apos;: {&apos;application/json&apos;: None}, &apos;description&apos;: &apos;Delet Event&apos;, &apos;responses&apos;: {200: {&apos;body&apos;: {&apos;...uthorized&quot;}\n&apos;}}, 404: {&apos;body&apos;: {&apos;application/json&apos;: &apos;{&quot;error&quot;: &quot;Not found&quot;}          \n&apos;}}}, &apos;securedBy&apos;: &apos;JWT&apos;}, ...} = &lt;built-in method get of dict object at 0x7f1088f24438&gt;(&apos;/{id}/events&apos;)
     +                where &lt;built-in method get of dict object at 0x7f1088f24438&gt; = {&apos;/{id}&apos;: {&apos;delete&apos;: {&apos;description&apos;: &apos;Delete Agent&apos;, &apos;responses&apos;: {200: {&apos;body&apos;: {&apos;application/json&apos;: &apos;Agent&apos;}}, 401: .../json&apos;: {&apos;example&apos;: {...}}}}, 401: {&apos;body&apos;: {&apos;application/json&apos;: &apos;{&quot;error&quot;: &quot;Unauthorized&quot;}\n&apos;}}}, &apos;securedBy&apos;: &apos;JWT&apos;}}.get
     +                  where {&apos;/{id}&apos;: {&apos;delete&apos;: {&apos;description&apos;: &apos;Delete Agent&apos;, &apos;responses&apos;: {200: {&apos;body&apos;: {&apos;application/json&apos;: &apos;Agent&apos;}}, 401: .../json&apos;: {&apos;example&apos;: {...}}}}, 401: {&apos;body&apos;: {&apos;application/json&apos;: &apos;{&quot;error&quot;: &quot;Unauthorized&quot;}\n&apos;}}}, &apos;securedBy&apos;: &apos;JWT&apos;}} = &lt;built-in method get of dict object at 0x7f1088e77b88&gt;(&apos;/agents&apos;)
     +                    where &lt;built-in method get of dict object at 0x7f1088e77b88&gt; = {&apos;/agents&apos;: {&apos;/{id}&apos;: {&apos;delete&apos;: {&apos;description&apos;: &apos;Delete Agent&apos;, &apos;responses&apos;: {200: {&apos;body&apos;: {...}}, 401: {&apos;body&apos;: {.....{&quot;message&quot;: &quot;OK&quot;}\n&apos;}}, 401: {&apos;body&apos;: {&apos;application/json&apos;: &apos;{&quot;error&quot;: &quot;Unauthorized&quot;}\n&apos;}}}, &apos;securedBy&apos;: &apos;JWT&apos;}}, ...}.get</failure></testcase><testcase classname="test_submit" file="test_submit.py" line="520" name="test_1148" time="0.0006136894226074219"></testcase><testcase classname="test_submit" file="test_submit.py" line="524" name="test_2780" time="0.0005829334259033203"></testcase><testcase classname="test_submit" file="test_submit.py" line="528" name="test_2805" time="0.0005676746368408203"></testcase><testcase classname="test_submit" file="test_submit.py" line="532" name="test_2415" time="0.0005514621734619141"></testcase><testcase classname="test_submit" file="test_submit.py" line="536" name="test_2010" time="0.0005633831024169922"></testcase><testcase classname="test_submit" file="test_submit.py" line="540" name="test_2545" time="0.0006067752838134766"></testcase><testcase classname="test_submit" file="test_submit.py" line="544" name="test_2700" time="0.0008084774017333984"></testcase><testcase classname="test_submit" file="test_submit.py" line="548" name="test_1808" time="0.0008726119995117188"></testcase><testcase classname="test_submit" file="test_submit.py" line="552" name="test_2880" time="0.0007510185241699219"></testcase><testcase classname="test_submit" file="test_submit.py" line="556" name="test_2595" time="0.0006940364837646484"></testcase><testcase classname="test_submit" file="test_submit.py" line="560" name="test_2575" time="0.0005748271942138672"></testcase><testcase classname="test_submit" file="test_submit.py" line="568" name="test_2035" time="0.003367185592651367"><failure message="assert None
 +  where None = &lt;built-in method get of dict object at 0x7f1089694798&gt;(200)
 +    where &lt;built-in method get of dict object at 0x7f1089694798&gt; = {&apos;application/json&apos;: &apos;Event[]&apos;}.get
 +      where {&apos;application/json&apos;: &apos;Event[]&apos;} = &lt;built-in method get of dict object at 0x7f108966da68&gt;(&apos;body&apos;)
 +        where &lt;built-in method get of dict object at 0x7f108966da68&gt; = {&apos;body&apos;: {&apos;application/json&apos;: &apos;Event[]&apos;}, &apos;description&apos;: &apos;Update a event by agent_id&apos;, &apos;responses&apos;: {200: {&apos;body&apos;: {&apos;a... &apos;{&quot;error&quot;: &quot;Unauthorized&quot;}\n&apos;}}, 404: {&apos;body&apos;: {&apos;application/json&apos;: &apos;{&quot;error&quot;: &quot;Not found&quot;}\n&apos;}}}, &apos;securedBy&apos;: &apos;JWT&apos;}.get
 +          where {&apos;body&apos;: {&apos;application/json&apos;: &apos;Event[]&apos;}, &apos;description&apos;: &apos;Update a event by agent_id&apos;, &apos;responses&apos;: {200: {&apos;body&apos;: {&apos;a... &apos;{&quot;error&quot;: &quot;Unauthorized&quot;}\n&apos;}}, 404: {&apos;body&apos;: {&apos;application/json&apos;: &apos;{&quot;error&quot;: &quot;Not found&quot;}\n&apos;}}}, &apos;securedBy&apos;: &apos;JWT&apos;} = &lt;built-in method get of dict object at 0x7f108966d1f8&gt;(&apos;put&apos;)
 +            where &lt;built-in method get of dict object at 0x7f108966d1f8&gt; = {&apos;/{id}&apos;: {&apos;delete&apos;: {&apos;body&apos;: {&apos;application/json&apos;: None}, &apos;description&apos;: &apos;Delet Event&apos;, &apos;responses&apos;: {200: {&apos;body&apos;: {&apos;...uthorized&quot;}\n&apos;}}, 404: {&apos;body&apos;: {&apos;application/json&apos;: &apos;{&quot;error&quot;: &quot;Not found&quot;}          \n&apos;}}}, &apos;securedBy&apos;: &apos;JWT&apos;}, ...}.get
 +              where {&apos;/{id}&apos;: {&apos;delete&apos;: {&apos;body&apos;: {&apos;application/json&apos;: None}, &apos;description&apos;: &apos;Delet Event&apos;, &apos;responses&apos;: {200: {&apos;body&apos;: {&apos;...uthorized&quot;}\n&apos;}}, 404: {&apos;body&apos;: {&apos;application/json&apos;: &apos;{&quot;error&quot;: &quot;Not found&quot;}          \n&apos;}}}, &apos;securedBy&apos;: &apos;JWT&apos;}, ...} = &lt;built-in method get of dict object at 0x7f1088f24438&gt;(&apos;/{id}/events&apos;)
 +                where &lt;built-in method get of dict object at 0x7f1088f24438&gt; = {&apos;/{id}&apos;: {&apos;delete&apos;: {&apos;description&apos;: &apos;Delete Agent&apos;, &apos;responses&apos;: {200: {&apos;body&apos;: {&apos;application/json&apos;: &apos;Agent&apos;}}, 401: .../json&apos;: {&apos;example&apos;: {...}}}}, 401: {&apos;body&apos;: {&apos;application/json&apos;: &apos;{&quot;error&quot;: &quot;Unauthorized&quot;}\n&apos;}}}, &apos;securedBy&apos;: &apos;JWT&apos;}}.get
 +                  where {&apos;/{id}&apos;: {&apos;delete&apos;: {&apos;description&apos;: &apos;Delete Agent&apos;, &apos;responses&apos;: {200: {&apos;body&apos;: {&apos;application/json&apos;: &apos;Agent&apos;}}, 401: .../json&apos;: {&apos;example&apos;: {...}}}}, 401: {&apos;body&apos;: {&apos;application/json&apos;: &apos;{&quot;error&quot;: &quot;Unauthorized&quot;}\n&apos;}}}, &apos;securedBy&apos;: &apos;JWT&apos;}} = &lt;built-in method get of dict object at 0x7f1088e77b88&gt;(&apos;/agents&apos;)
 +                    where &lt;built-in method get of dict object at 0x7f1088e77b88&gt; = {&apos;/agents&apos;: {&apos;/{id}&apos;: {&apos;delete&apos;: {&apos;description&apos;: &apos;Delete Agent&apos;, &apos;responses&apos;: {200: {&apos;body&apos;: {...}}, 401: {&apos;body&apos;: {.....{&quot;message&quot;: &quot;OK&quot;}\n&apos;}}, 401: {&apos;body&apos;: {&apos;application/json&apos;: &apos;{&quot;error&quot;: &quot;Unauthorized&quot;}\n&apos;}}}, &apos;securedBy&apos;: &apos;JWT&apos;}}, ...}.get">E   assert None
     +  where None = &lt;built-in method get of dict object at 0x7f1089694798&gt;(200)
     +    where &lt;built-in method get of dict object at 0x7f1089694798&gt; = {&apos;application/json&apos;: &apos;Event[]&apos;}.get
     +      where {&apos;application/json&apos;: &apos;Event[]&apos;} = &lt;built-in method get of dict object at 0x7f108966da68&gt;(&apos;body&apos;)
     +        where &lt;built-in method get of dict object at 0x7f108966da68&gt; = {&apos;body&apos;: {&apos;application/json&apos;: &apos;Event[]&apos;}, &apos;description&apos;: &apos;Update a event by agent_id&apos;, &apos;responses&apos;: {200: {&apos;body&apos;: {&apos;a... &apos;{&quot;error&quot;: &quot;Unauthorized&quot;}\n&apos;}}, 404: {&apos;body&apos;: {&apos;application/json&apos;: &apos;{&quot;error&quot;: &quot;Not found&quot;}\n&apos;}}}, &apos;securedBy&apos;: &apos;JWT&apos;}.get
     +          where {&apos;body&apos;: {&apos;application/json&apos;: &apos;Event[]&apos;}, &apos;description&apos;: &apos;Update a event by agent_id&apos;, &apos;responses&apos;: {200: {&apos;body&apos;: {&apos;a... &apos;{&quot;error&quot;: &quot;Unauthorized&quot;}\n&apos;}}, 404: {&apos;body&apos;: {&apos;application/json&apos;: &apos;{&quot;error&quot;: &quot;Not found&quot;}\n&apos;}}}, &apos;securedBy&apos;: &apos;JWT&apos;} = &lt;built-in method get of dict object at 0x7f108966d1f8&gt;(&apos;put&apos;)
     +            where &lt;built-in method get of dict object at 0x7f108966d1f8&gt; = {&apos;/{id}&apos;: {&apos;delete&apos;: {&apos;body&apos;: {&apos;application/json&apos;: None}, &apos;description&apos;: &apos;Delet Event&apos;, &apos;responses&apos;: {200: {&apos;body&apos;: {&apos;...uthorized&quot;}\n&apos;}}, 404: {&apos;body&apos;: {&apos;application/json&apos;: &apos;{&quot;error&quot;: &quot;Not found&quot;}          \n&apos;}}}, &apos;securedBy&apos;: &apos;JWT&apos;}, ...}.get
     +              where {&apos;/{id}&apos;: {&apos;delete&apos;: {&apos;body&apos;: {&apos;application/json&apos;: None}, &apos;description&apos;: &apos;Delet Event&apos;, &apos;responses&apos;: {200: {&apos;body&apos;: {&apos;...uthorized&quot;}\n&apos;}}, 404: {&apos;body&apos;: {&apos;application/json&apos;: &apos;{&quot;error&quot;: &quot;Not found&quot;}          \n&apos;}}}, &apos;securedBy&apos;: &apos;JWT&apos;}, ...} = &lt;built-in method get of dict object at 0x7f1088f24438&gt;(&apos;/{id}/events&apos;)
     +                where &lt;built-in method get of dict object at 0x7f1088f24438&gt; = {&apos;/{id}&apos;: {&apos;delete&apos;: {&apos;description&apos;: &apos;Delete Agent&apos;, &apos;responses&apos;: {200: {&apos;body&apos;: {&apos;application/json&apos;: &apos;Agent&apos;}}, 401: .../json&apos;: {&apos;example&apos;: {...}}}}, 401: {&apos;body&apos;: {&apos;application/json&apos;: &apos;{&quot;error&quot;: &quot;Unauthorized&quot;}\n&apos;}}}, &apos;securedBy&apos;: &apos;JWT&apos;}}.get
     +                  where {&apos;/{id}&apos;: {&apos;delete&apos;: {&apos;description&apos;: &apos;Delete Agent&apos;, &apos;responses&apos;: {200: {&apos;body&apos;: {&apos;application/json&apos;: &apos;Agent&apos;}}, 401: .../json&apos;: {&apos;example&apos;: {...}}}}, 401: {&apos;body&apos;: {&apos;application/json&apos;: &apos;{&quot;error&quot;: &quot;Unauthorized&quot;}\n&apos;}}}, &apos;securedBy&apos;: &apos;JWT&apos;}} = &lt;built-in method get of dict object at 0x7f1088e77b88&gt;(&apos;/agents&apos;)
     +                    where &lt;built-in method get of dict object at 0x7f1088e77b88&gt; = {&apos;/agents&apos;: {&apos;/{id}&apos;: {&apos;delete&apos;: {&apos;description&apos;: &apos;Delete Agent&apos;, &apos;responses&apos;: {200: {&apos;body&apos;: {...}}, 401: {&apos;body&apos;: {.....{&quot;message&quot;: &quot;OK&quot;}\n&apos;}}, 401: {&apos;body&apos;: {&apos;application/json&apos;: &apos;{&quot;error&quot;: &quot;Unauthorized&quot;}\n&apos;}}}, &apos;securedBy&apos;: &apos;JWT&apos;}}, ...}.get</failure></testcase><testcase classname="test_submit" file="test_submit.py" line="572" name="test_2855" time="0.004521846771240234"><failure message="assert None
 +  where None = &lt;built-in method get of dict object at 0x7f1089694798&gt;(401)
 +    where &lt;built-in method get of dict object at 0x7f1089694798&gt; = {&apos;application/json&apos;: &apos;Event[]&apos;}.get
 +      where {&apos;application/json&apos;: &apos;Event[]&apos;} = &lt;built-in method get of dict object at 0x7f108966da68&gt;(&apos;body&apos;)
 +        where &lt;built-in method get of dict object at 0x7f108966da68&gt; = {&apos;body&apos;: {&apos;application/json&apos;: &apos;Event[]&apos;}, &apos;description&apos;: &apos;Update a event by agent_id&apos;, &apos;responses&apos;: {200: {&apos;body&apos;: {&apos;a... &apos;{&quot;error&quot;: &quot;Unauthorized&quot;}\n&apos;}}, 404: {&apos;body&apos;: {&apos;application/json&apos;: &apos;{&quot;error&quot;: &quot;Not found&quot;}\n&apos;}}}, &apos;securedBy&apos;: &apos;JWT&apos;}.get
 +          where {&apos;body&apos;: {&apos;application/json&apos;: &apos;Event[]&apos;}, &apos;description&apos;: &apos;Update a event by agent_id&apos;, &apos;responses&apos;: {200: {&apos;body&apos;: {&apos;a... &apos;{&quot;error&quot;: &quot;Unauthorized&quot;}\n&apos;}}, 404: {&apos;body&apos;: {&apos;application/json&apos;: &apos;{&quot;error&quot;: &quot;Not found&quot;}\n&apos;}}}, &apos;securedBy&apos;: &apos;JWT&apos;} = &lt;built-in method get of dict object at 0x7f108966d1f8&gt;(&apos;put&apos;)
 +            where &lt;built-in method get of dict object at 0x7f108966d1f8&gt; = {&apos;/{id}&apos;: {&apos;delete&apos;: {&apos;body&apos;: {&apos;application/json&apos;: None}, &apos;description&apos;: &apos;Delet Event&apos;, &apos;responses&apos;: {200: {&apos;body&apos;: {&apos;...uthorized&quot;}\n&apos;}}, 404: {&apos;body&apos;: {&apos;application/json&apos;: &apos;{&quot;error&quot;: &quot;Not found&quot;}          \n&apos;}}}, &apos;securedBy&apos;: &apos;JWT&apos;}, ...}.get
 +              where {&apos;/{id}&apos;: {&apos;delete&apos;: {&apos;body&apos;: {&apos;application/json&apos;: None}, &apos;description&apos;: &apos;Delet Event&apos;, &apos;responses&apos;: {200: {&apos;body&apos;: {&apos;...uthorized&quot;}\n&apos;}}, 404: {&apos;body&apos;: {&apos;application/json&apos;: &apos;{&quot;error&quot;: &quot;Not found&quot;}          \n&apos;}}}, &apos;securedBy&apos;: &apos;JWT&apos;}, ...} = &lt;built-in method get of dict object at 0x7f1088f24438&gt;(&apos;/{id}/events&apos;)
 +                where &lt;built-in method get of dict object at 0x7f1088f24438&gt; = {&apos;/{id}&apos;: {&apos;delete&apos;: {&apos;description&apos;: &apos;Delete Agent&apos;, &apos;responses&apos;: {200: {&apos;body&apos;: {&apos;application/json&apos;: &apos;Agent&apos;}}, 401: .../json&apos;: {&apos;example&apos;: {...}}}}, 401: {&apos;body&apos;: {&apos;application/json&apos;: &apos;{&quot;error&quot;: &quot;Unauthorized&quot;}\n&apos;}}}, &apos;securedBy&apos;: &apos;JWT&apos;}}.get
 +                  where {&apos;/{id}&apos;: {&apos;delete&apos;: {&apos;description&apos;: &apos;Delete Agent&apos;, &apos;responses&apos;: {200: {&apos;body&apos;: {&apos;application/json&apos;: &apos;Agent&apos;}}, 401: .../json&apos;: {&apos;example&apos;: {...}}}}, 401: {&apos;body&apos;: {&apos;application/json&apos;: &apos;{&quot;error&quot;: &quot;Unauthorized&quot;}\n&apos;}}}, &apos;securedBy&apos;: &apos;JWT&apos;}} = &lt;built-in method get of dict object at 0x7f1088e77b88&gt;(&apos;/agents&apos;)
 +                    where &lt;built-in method get of dict object at 0x7f1088e77b88&gt; = {&apos;/agents&apos;: {&apos;/{id}&apos;: {&apos;delete&apos;: {&apos;description&apos;: &apos;Delete Agent&apos;, &apos;responses&apos;: {200: {&apos;body&apos;: {...}}, 401: {&apos;body&apos;: {.....{&quot;message&quot;: &quot;OK&quot;}\n&apos;}}, 401: {&apos;body&apos;: {&apos;application/json&apos;: &apos;{&quot;error&quot;: &quot;Unauthorized&quot;}\n&apos;}}}, &apos;securedBy&apos;: &apos;JWT&apos;}}, ...}.get">E   assert None
     +  where None = &lt;built-in method get of dict object at 0x7f1089694798&gt;(401)
     +    where &lt;built-in method get of dict object at 0x7f1089694798&gt; = {&apos;application/json&apos;: &apos;Event[]&apos;}.get
     +      where {&apos;application/json&apos;: &apos;Event[]&apos;} = &lt;built-in method get of dict object at 0x7f108966da68&gt;(&apos;body&apos;)
     +        where &lt;built-in method get of dict object at 0x7f108966da68&gt; = {&apos;body&apos;: {&apos;application/json&apos;: &apos;Event[]&apos;}, &apos;description&apos;: &apos;Update a event by agent_id&apos;, &apos;responses&apos;: {200: {&apos;body&apos;: {&apos;a... &apos;{&quot;error&quot;: &quot;Unauthorized&quot;}\n&apos;}}, 404: {&apos;body&apos;: {&apos;application/json&apos;: &apos;{&quot;error&quot;: &quot;Not found&quot;}\n&apos;}}}, &apos;securedBy&apos;: &apos;JWT&apos;}.get
     +          where {&apos;body&apos;: {&apos;application/json&apos;: &apos;Event[]&apos;}, &apos;description&apos;: &apos;Update a event by agent_id&apos;, &apos;responses&apos;: {200: {&apos;body&apos;: {&apos;a... &apos;{&quot;error&quot;: &quot;Unauthorized&quot;}\n&apos;}}, 404: {&apos;body&apos;: {&apos;application/json&apos;: &apos;{&quot;error&quot;: &quot;Not found&quot;}\n&apos;}}}, &apos;securedBy&apos;: &apos;JWT&apos;} = &lt;built-in method get of dict object at 0x7f108966d1f8&gt;(&apos;put&apos;)
     +            where &lt;built-in method get of dict object at 0x7f108966d1f8&gt; = {&apos;/{id}&apos;: {&apos;delete&apos;: {&apos;body&apos;: {&apos;application/json&apos;: None}, &apos;description&apos;: &apos;Delet Event&apos;, &apos;responses&apos;: {200: {&apos;body&apos;: {&apos;...uthorized&quot;}\n&apos;}}, 404: {&apos;body&apos;: {&apos;application/json&apos;: &apos;{&quot;error&quot;: &quot;Not found&quot;}          \n&apos;}}}, &apos;securedBy&apos;: &apos;JWT&apos;}, ...}.get
     +              where {&apos;/{id}&apos;: {&apos;delete&apos;: {&apos;body&apos;: {&apos;application/json&apos;: None}, &apos;description&apos;: &apos;Delet Event&apos;, &apos;responses&apos;: {200: {&apos;body&apos;: {&apos;...uthorized&quot;}\n&apos;}}, 404: {&apos;body&apos;: {&apos;application/json&apos;: &apos;{&quot;error&quot;: &quot;Not found&quot;}          \n&apos;}}}, &apos;securedBy&apos;: &apos;JWT&apos;}, ...} = &lt;built-in method get of dict object at 0x7f1088f24438&gt;(&apos;/{id}/events&apos;)
     +                where &lt;built-in method get of dict object at 0x7f1088f24438&gt; = {&apos;/{id}&apos;: {&apos;delete&apos;: {&apos;description&apos;: &apos;Delete Agent&apos;, &apos;responses&apos;: {200: {&apos;body&apos;: {&apos;application/json&apos;: &apos;Agent&apos;}}, 401: .../json&apos;: {&apos;example&apos;: {...}}}}, 401: {&apos;body&apos;: {&apos;application/json&apos;: &apos;{&quot;error&quot;: &quot;Unauthorized&quot;}\n&apos;}}}, &apos;securedBy&apos;: &apos;JWT&apos;}}.get
     +                  where {&apos;/{id}&apos;: {&apos;delete&apos;: {&apos;description&apos;: &apos;Delete Agent&apos;, &apos;responses&apos;: {200: {&apos;body&apos;: {&apos;application/json&apos;: &apos;Agent&apos;}}, 401: .../json&apos;: {&apos;example&apos;: {...}}}}, 401: {&apos;body&apos;: {&apos;application/json&apos;: &apos;{&quot;error&quot;: &quot;Unauthorized&quot;}\n&apos;}}}, &apos;securedBy&apos;: &apos;JWT&apos;}} = &lt;built-in method get of dict object at 0x7f1088e77b88&gt;(&apos;/agents&apos;)
     +                    where &lt;built-in method get of dict object at 0x7f1088e77b88&gt; = {&apos;/agents&apos;: {&apos;/{id}&apos;: {&apos;delete&apos;: {&apos;description&apos;: &apos;Delete Agent&apos;, &apos;responses&apos;: {200: {&apos;body&apos;: {...}}, 401: {&apos;body&apos;: {.....{&quot;message&quot;: &quot;OK&quot;}\n&apos;}}, 401: {&apos;body&apos;: {&apos;application/json&apos;: &apos;{&quot;error&quot;: &quot;Unauthorized&quot;}\n&apos;}}}, &apos;securedBy&apos;: &apos;JWT&apos;}}, ...}.get</failure></testcase><testcase classname="test_submit" file="test_submit.py" line="576" name="test_2450" time="0.0033960342407226562"><failure message="assert None
 +  where None = &lt;built-in method get of dict object at 0x7f1089694798&gt;(404)
 +    where &lt;built-in method get of dict object at 0x7f1089694798&gt; = {&apos;application/json&apos;: &apos;Event[]&apos;}.get
 +      where {&apos;application/json&apos;: &apos;Event[]&apos;} = &lt;built-in method get of dict object at 0x7f108966da68&gt;(&apos;body&apos;)
[...]
     +          where {&apos;body&apos;: {&apos;application/json&apos;: &apos;Event[]&apos;}, &apos;description&apos;: &apos;Delete Event&apos;, &apos;responses&apos;: {200: {&apos;body&apos;: {&apos;application/jso... &apos;{&quot;error&quot;: &quot;Unauthorized&quot;}\n&apos;}}, 404: {&apos;body&apos;: {&apos;application/json&apos;: &apos;{&quot;error&quot;: &quot;Not found&quot;}\n&apos;}}}, &apos;securedBy&apos;: &apos;JWT&apos;} = &lt;built-in method get of dict object at 0x7f108966d1f8&gt;(&apos;delete&apos;)
     +            where &lt;built-in method get of dict object at 0x7f108966d1f8&gt; = {&apos;/{id}&apos;: {&apos;delete&apos;: {&apos;body&apos;: {&apos;application/json&apos;: None}, &apos;description&apos;: &apos;Delet Event&apos;, &apos;responses&apos;: {200: {&apos;body&apos;: {&apos;...uthorized&quot;}\n&apos;}}, 404: {&apos;body&apos;: {&apos;application/json&apos;: &apos;{&quot;error&quot;: &quot;Not found&quot;}          \n&apos;}}}, &apos;securedBy&apos;: &apos;JWT&apos;}, ...}.get
     +              where {&apos;/{id}&apos;: {&apos;delete&apos;: {&apos;body&apos;: {&apos;application/json&apos;: None}, &apos;description&apos;: &apos;Delet Event&apos;, &apos;responses&apos;: {200: {&apos;body&apos;: {&apos;...uthorized&quot;}\n&apos;}}, 404: {&apos;body&apos;: {&apos;application/json&apos;: &apos;{&quot;error&quot;: &quot;Not found&quot;}          \n&apos;}}}, &apos;securedBy&apos;: &apos;JWT&apos;}, ...} = &lt;built-in method get of dict object at 0x7f1088f24438&gt;(&apos;/{id}/events&apos;)
     +                where &lt;built-in method get of dict object at 0x7f1088f24438&gt; = {&apos;/{id}&apos;: {&apos;delete&apos;: {&apos;description&apos;: &apos;Delete Agent&apos;, &apos;responses&apos;: {200: {&apos;body&apos;: {&apos;application/json&apos;: &apos;Agent&apos;}}, 401: .../json&apos;: {&apos;example&apos;: {...}}}}, 401: {&apos;body&apos;: {&apos;application/json&apos;: &apos;{&quot;error&quot;: &quot;Unauthorized&quot;}\n&apos;}}}, &apos;securedBy&apos;: &apos;JWT&apos;}}.get
     +                  where {&apos;/{id}&apos;: {&apos;delete&apos;: {&apos;description&apos;: &apos;Delete Agent&apos;, &apos;responses&apos;: {200: {&apos;body&apos;: {&apos;application/json&apos;: &apos;Agent&apos;}}, 401: .../json&apos;: {&apos;example&apos;: {...}}}}, 401: {&apos;body&apos;: {&apos;application/json&apos;: &apos;{&quot;error&quot;: &quot;Unauthorized&quot;}\n&apos;}}}, &apos;securedBy&apos;: &apos;JWT&apos;}} = &lt;built-in method get of dict object at 0x7f1088e77b88&gt;(&apos;/agents&apos;)
     +                    where &lt;built-in method get of dict object at 0x7f1088e77b88&gt; = {&apos;/agents&apos;: {&apos;/{id}&apos;: {&apos;delete&apos;: {&apos;description&apos;: &apos;Delete Agent&apos;, &apos;responses&apos;: {200: {&apos;body&apos;: {...}}, 401: {&apos;body&apos;: {.....{&quot;message&quot;: &quot;OK&quot;}\n&apos;}}, 401: {&apos;body&apos;: {&apos;application/json&apos;: &apos;{&quot;error&quot;: &quot;Unauthorized&quot;}\n&apos;}}}, &apos;securedBy&apos;: &apos;JWT&apos;}}, ...}.get</failure></testcase><testcase classname="test_submit" file="test_submit.py" line="604" name="test_2605" time="0.0034770965576171875"><failure message="assert None
 +  where None = &lt;built-in method get of dict object at 0x7f1089694828&gt;(401)
 +    where &lt;built-in method get of dict object at 0x7f1089694828&gt; = {&apos;application/json&apos;: &apos;Event[]&apos;}.get
 +      where {&apos;application/json&apos;: &apos;Event[]&apos;} = &lt;built-in method get of dict object at 0x7f108966dab0&gt;(&apos;body&apos;)
 +        where &lt;built-in method get of dict object at 0x7f108966dab0&gt; = {&apos;body&apos;: {&apos;application/json&apos;: &apos;Event[]&apos;}, &apos;description&apos;: &apos;Delete Event&apos;, &apos;responses&apos;: {200: {&apos;body&apos;: {&apos;application/jso... &apos;{&quot;error&quot;: &quot;Unauthorized&quot;}\n&apos;}}, 404: {&apos;body&apos;: {&apos;application/json&apos;: &apos;{&quot;error&quot;: &quot;Not found&quot;}\n&apos;}}}, &apos;securedBy&apos;: &apos;JWT&apos;}.get
 +          where {&apos;body&apos;: {&apos;application/json&apos;: &apos;Event[]&apos;}, &apos;description&apos;: &apos;Delete Event&apos;, &apos;responses&apos;: {200: {&apos;body&apos;: {&apos;application/jso... &apos;{&quot;error&quot;: &quot;Unauthorized&quot;}\n&apos;}}, 404: {&apos;body&apos;: {&apos;application/json&apos;: &apos;{&quot;error&quot;: &quot;Not found&quot;}\n&apos;}}}, &apos;securedBy&apos;: &apos;JWT&apos;} = &lt;built-in method get of dict object at 0x7f108966d1f8&gt;(&apos;delete&apos;)
 +            where &lt;built-in method get of dict object at 0x7f108966d1f8&gt; = {&apos;/{id}&apos;: {&apos;delete&apos;: {&apos;body&apos;: {&apos;application/json&apos;: None}, &apos;description&apos;: &apos;Delet Event&apos;, &apos;responses&apos;: {200: {&apos;body&apos;: {&apos;...uthorized&quot;}\n&apos;}}, 404: {&apos;body&apos;: {&apos;application/json&apos;: &apos;{&quot;error&quot;: &quot;Not found&quot;}          \n&apos;}}}, &apos;securedBy&apos;: &apos;JWT&apos;}, ...}.get
 +              where {&apos;/{id}&apos;: {&apos;delete&apos;: {&apos;body&apos;: {&apos;application/json&apos;: None}, &apos;description&apos;: &apos;Delet Event&apos;, &apos;responses&apos;: {200: {&apos;body&apos;: {&apos;...uthorized&quot;}\n&apos;}}, 404: {&apos;body&apos;: {&apos;application/json&apos;: &apos;{&quot;error&quot;: &quot;Not found&quot;}          \n&apos;}}}, &apos;securedBy&apos;: &apos;JWT&apos;}, ...} = &lt;built-in method get of dict object at 0x7f1088f24438&gt;(&apos;/{id}/events&apos;)
 +                where &lt;built-in method get of dict object at 0x7f1088f24438&gt; = {&apos;/{id}&apos;: {&apos;delete&apos;: {&apos;description&apos;: &apos;Delete Agent&apos;, &apos;responses&apos;: {200: {&apos;body&apos;: {&apos;application/json&apos;: &apos;Agent&apos;}}, 401: .../json&apos;: {&apos;example&apos;: {...}}}}, 401: {&apos;body&apos;: {&apos;application/json&apos;: &apos;{&quot;error&quot;: &quot;Unauthorized&quot;}\n&apos;}}}, &apos;securedBy&apos;: &apos;JWT&apos;}}.get
 +                  where {&apos;/{id}&apos;: {&apos;delete&apos;: {&apos;description&apos;: &apos;Delete Agent&apos;, &apos;responses&apos;: {200: {&apos;body&apos;: {&apos;application/json&apos;: &apos;Agent&apos;}}, 401: .../json&apos;: {&apos;example&apos;: {...}}}}, 401: {&apos;body&apos;: {&apos;application/json&apos;: &apos;{&quot;error&quot;: &quot;Unauthorized&quot;}\n&apos;}}}, &apos;securedBy&apos;: &apos;JWT&apos;}} = &lt;built-in method get of dict object at 0x7f1088e77b88&gt;(&apos;/agents&apos;)
 +                    where &lt;built-in method get of dict object at 0x7f1088e77b88&gt; = {&apos;/agents&apos;: {&apos;/{id}&apos;: {&apos;delete&apos;: {&apos;description&apos;: &apos;Delete Agent&apos;, &apos;responses&apos;: {200: {&apos;body&apos;: {...}}, 401: {&apos;body&apos;: {.....{&quot;message&quot;: &quot;OK&quot;}\n&apos;}}, 401: {&apos;body&apos;: {&apos;application/json&apos;: &apos;{&quot;error&quot;: &quot;Unauthorized&quot;}\n&apos;}}}, &apos;securedBy&apos;: &apos;JWT&apos;}}, ...}.get">E   assert None
     +  where None = &lt;built-in method get of dict object at 0x7f1089694828&gt;(401)
     +    where &lt;built-in method get of dict object at 0x7f1089694828&gt; = {&apos;application/json&apos;: &apos;Event[]&apos;}.get
     +      where {&apos;application/json&apos;: &apos;Event[]&apos;} = &lt;built-in method get of dict object at 0x7f108966dab0&gt;(&apos;body&apos;)
     +        where &lt;built-in method get of dict object at 0x7f108966dab0&gt; = {&apos;body&apos;: {&apos;application/json&apos;: &apos;Event[]&apos;}, &apos;description&apos;: &apos;Delete Event&apos;, &apos;responses&apos;: {200: {&apos;body&apos;: {&apos;application/jso... &apos;{&quot;error&quot;: &quot;Unauthorized&quot;}\n&apos;}}, 404: {&apos;body&apos;: {&apos;application/json&apos;: &apos;{&quot;error&quot;: &quot;Not found&quot;}\n&apos;}}}, &apos;securedBy&apos;: &apos;JWT&apos;}.get
     +          where {&apos;body&apos;: {&apos;application/json&apos;: &apos;Event[]&apos;}, &apos;description&apos;: &apos;Delete Event&apos;, &apos;responses&apos;: {200: {&apos;body&apos;: {&apos;application/jso... &apos;{&quot;error&quot;: &quot;Unauthorized&quot;}\n&apos;}}, 404: {&apos;body&apos;: {&apos;application/json&apos;: &apos;{&quot;error&quot;: &quot;Not found&quot;}\n&apos;}}}, &apos;securedBy&apos;: &apos;JWT&apos;} = &lt;built-in method get of dict object at 0x7f108966d1f8&gt;(&apos;delete&apos;)
     +            where &lt;built-in method get of dict object at 0x7f108966d1f8&gt; = {&apos;/{id}&apos;: {&apos;delete&apos;: {&apos;body&apos;: {&apos;application/json&apos;: None}, &apos;description&apos;: &apos;Delet Event&apos;, &apos;responses&apos;: {200: {&apos;body&apos;: {&apos;...uthorized&quot;}\n&apos;}}, 404: {&apos;body&apos;: {&apos;application/json&apos;: &apos;{&quot;error&quot;: &quot;Not found&quot;}          \n&apos;}}}, &apos;securedBy&apos;: &apos;JWT&apos;}, ...}.get
     +              where {&apos;/{id}&apos;: {&apos;delete&apos;: {&apos;body&apos;: {&apos;application/json&apos;: None}, &apos;description&apos;: &apos;Delet Event&apos;, &apos;responses&apos;: {200: {&apos;body&apos;: {&apos;...uthorized&quot;}\n&apos;}}, 404: {&apos;body&apos;: {&apos;application/json&apos;: &apos;{&quot;error&quot;: &quot;Not found&quot;}          \n&apos;}}}, &apos;securedBy&apos;: &apos;JWT&apos;}, ...} = &lt;built-in method get of dict object at 0x7f1088f24438&gt;(&apos;/{id}/events&apos;)
     +                where &lt;built-in method get of dict object at 0x7f1088f24438&gt; = {&apos;/{id}&apos;: {&apos;delete&apos;: {&apos;description&apos;: &apos;Delete Agent&apos;, &apos;responses&apos;: {200: {&apos;body&apos;: {&apos;application/json&apos;: &apos;Agent&apos;}}, 401: .../json&apos;: {&apos;example&apos;: {...}}}}, 401: {&apos;body&apos;: {&apos;application/json&apos;: &apos;{&quot;error&quot;: &quot;Unauthorized&quot;}\n&apos;}}}, &apos;securedBy&apos;: &apos;JWT&apos;}}.get
     +                  where {&apos;/{id}&apos;: {&apos;delete&apos;: {&apos;description&apos;: &apos;Delete Agent&apos;, &apos;responses&apos;: {200: {&apos;body&apos;: {&apos;application/json&apos;: &apos;Agent&apos;}}, 401: .../json&apos;: {&apos;example&apos;: {...}}}}, 401: {&apos;body&apos;: {&apos;application/json&apos;: &apos;{&quot;error&quot;: &quot;Unauthorized&quot;}\n&apos;}}}, &apos;securedBy&apos;: &apos;JWT&apos;}} = &lt;built-in method get of dict object at 0x7f1088e77b88&gt;(&apos;/agents&apos;)
     +                    where &lt;built-in method get of dict object at 0x7f1088e77b88&gt; = {&apos;/agents&apos;: {&apos;/{id}&apos;: {&apos;delete&apos;: {&apos;description&apos;: &apos;Delete Agent&apos;, &apos;responses&apos;: {200: {&apos;body&apos;: {...}}, 401: {&apos;body&apos;: {.....{&quot;message&quot;: &quot;OK&quot;}\n&apos;}}, 401: {&apos;body&apos;: {&apos;application/json&apos;: &apos;{&quot;error&quot;: &quot;Unauthorized&quot;}\n&apos;}}}, &apos;securedBy&apos;: &apos;JWT&apos;}}, ...}.get</failure></testcase><testcase classname="test_submit" file="test_submit.py" line="612" name="test_486" time="0.0006201267242431641"></testcase><testcase classname="test_submit" file="test_submit.py" line="616" name="test_1172" time="0.0005757808685302734"></testcase><testcase classname="test_submit" file="test_submit.py" line="624" name="test_1910" time="0.00055694580078125"></testcase><testcase classname="test_submit" file="test_submit.py" line="628" name="test_2440" time="0.0005514621734619141"></testcase><testcase classname="test_submit" file="test_submit.py" line="632" name="test_2650" time="0.0006158351898193359"></testcase><testcase classname="test_submit" file="test_submit.py" line="636" name="test_1610" time="0.0006668567657470703"></testcase><testcase classname="test_submit" file="test_submit.py" line="644" name="test_2025" time="0.0005810260772705078"></testcase><testcase classname="test_submit" file="test_submit.py" line="648" name="test_2875" time="0.0005366802215576172"></testcase><testcase classname="test_submit" file="test_submit.py" line="652" name="test_2775" time="0.0005331039428710938"></testcase><testcase classname="test_submit" file="test_submit.py" line="656" name="test_62" time="0.0007932186126708984"></testcase><testcase classname="test_submit" file="test_submit.py" line="660" name="test_1160" time="0.0008261203765869141"></testcase><testcase classname="test_submit" file="test_submit.py" line="664" name="test_1013" time="0.0007531642913818359"></testcase><testcase classname="test_submit" file="test_submit.py" line="672" name="test_2125" time="0.0008335113525390625"></testcase><testcase classname="test_submit" file="test_submit.py" line="676" name="test_2740" time="0.0006747245788574219"></testcase><testcase classname="test_submit" file="test_submit.py" line="684" name="test_1841" time="0.0006587505340576172"></testcase><testcase classname="test_submit" file="test_submit.py" line="688" name="test_2275" time="0.0005605220794677734"></testcase><testcase classname="test_submit" file="test_submit.py" line="692" name="test_2520" time="0.0006377696990966797"></testcase><testcase classname="test_submit" file="test_submit.py" line="696" name="test_2425" time="0.0005934238433837891"></testcase><testcase classname="test_submit" file="test_submit.py" line="700" name="test_2505" time="0.0005612373352050781"></testcase><testcase classname="test_submit" file="test_submit.py" line="704" name="test_2115" time="0.0005676746368408203"></testcase><testcase classname="test_submit" file="test_submit.py" line="708" name="test_2300" time="0.0005877017974853516"></testcase><testcase classname="test_submit" file="test_submit.py" line="712" name="test_1229" time="0.0005393028259277344"></testcase><testcase classname="test_submit" file="test_submit.py" line="716" name="test_2350" time="0.0005383491516113281"></testcase><testcase classname="test_submit" file="test_submit.py" line="720" name="test_2935" time="0.0005848407745361328"></testcase><testcase classname="test_submit" file="test_submit.py" line="724" name="test_2205" time="0.0005335807800292969"></testcase><testcase classname="test_submit" file="test_submit.py" line="732" name="test_2470" time="0.0005452632904052734"></testcase><testcase classname="test_submit" file="test_submit.py" line="736" name="test_2940" time="0.0006091594696044922"></testcase><testcase classname="test_submit" file="test_submit.py" line="740" name="test_1535" time="0.0006148815155029297"></testcase><testcase classname="test_submit" file="test_submit.py" line="748" name="test_2860" time="0.0005812644958496094"></testcase><testcase classname="test_submit" file="test_submit.py" line="752" name="test_2310" time="0.0007090568542480469"></testcase><testcase classname="test_submit" file="test_submit.py" line="756" name="test_2335" time="0.0007793903350830078"></testcase><testcase classname="test_submit" file="test_submit.py" line="760" name="test_2910" time="0.0010030269622802734"></testcase><testcase classname="test_submit" file="test_submit.py" line="764" name="test_2225" time="0.00087738037109375"></testcase><testcase classname="test_submit" file="test_submit.py" line="768" name="test_442" time="0.0007522106170654297"></testcase><testcase classname="test_submit" file="test_submit.py" line="772" name="test_1103" time="0.0006263256072998047"></testcase><testcase classname="test_submit" file="test_submit.py" line="776" name="test_1676" time="0.0005676746368408203"></testcase><testcase classname="test_submit" file="test_submit.py" line="780" name="test_1523" time="0.0005369186401367188"></testcase><testcase classname="test_submit" file="test_submit.py" line="784" name="test_2375" time="0.0005307197570800781"></testcase><testcase classname="test_submit" file="test_submit.py" line="788" name="test_2865" time="0.0006291866302490234"></testcase><testcase classname="test_submit" file="test_submit.py" line="792" name="test_2380" time="0.0005359649658203125"></testcase><testcase classname="test_submit" file="test_submit.py" line="796" name="test_1538" time="0.0005259513854980469"></testcase><testcase classname="test_submit" file="test_submit.py" line="800" name="test_2705" time="0.000537872314453125"></testcase><testcase classname="test_submit" file="test_submit.py" line="804" name="test_2145" time="0.0005338191986083984"></testcase><testcase classname="test_submit" file="test_submit.py" line="808" name="test_2040" time="0.0005338191986083984"></testcase><testcase classname="test_submit" file="test_submit.py" line="812" name="test_458" time="0.0005300045013427734"></testcase><testcase classname="test_submit" file="test_submit.py" line="816" name="test_1046" time="0.0006477832794189453"></testcase><testcase classname="test_submit" file="test_submit.py" line="820" name="test_1457" time="0.00052642822265625"></testcase><testcase classname="test_submit" file="test_submit.py" line="824" name="test_1757" time="0.0005385875701904297"></testcase><testcase classname="test_submit" file="test_submit.py" line="828" name="test_2900" time="0.0005254745483398438"></testcase><testcase classname="test_submit" file="test_submit.py" line="832" name="test_2710" time="0.0005629062652587891"></testcase><testcase classname="test_submit" file="test_submit.py" line="836" name="test_2070" time="0.000667572021484375"></testcase><testcase classname="test_submit" file="test_submit.py" line="840" name="test_2970" time="0.0008213520050048828"></testcase><testcase classname="test_submit" file="test_submit.py" line="844" name="test_80" time="0.0008502006530761719"></testcase><testcase classname="test_submit" file="test_submit.py" line="848" name="test_1835" time="0.0008413791656494141"></testcase><testcase classname="test_submit" file="test_submit.py" line="852" name="test_2680" time="0.0007255077362060547"></testcase><testcase classname="test_submit" file="test_submit.py" line="856" name="test_2565" time="0.0006358623504638672"></testcase><testcase classname="test_submit" file="test_submit.py" line="860" name="test_2080" time="0.0005621910095214844"></testcase><testcase classname="test_submit" file="test_submit.py" line="864" name="test_2120" time="0.0005526542663574219"></testcase><testcase classname="test_submit" file="test_submit.py" line="868" name="test_2250" time="0.0005824565887451172"></testcase><testcase classname="test_submit" file="test_submit.py" line="872" name="test_2270" time="0.0005738735198974609"></testcase><testcase classname="test_submit" file="test_submit.py" line="876" name="test_1904" time="0.0006275177001953125"></testcase><testcase classname="test_submit" file="test_submit.py" line="880" name="test_2130" time="0.0006573200225830078"></testcase><testcase classname="test_submit" file="test_submit.py" line="884" name="test_2630" time="0.0007014274597167969"></testcase><testcase classname="test_submit" file="test_submit.py" line="888" name="test_2525" time="0.0005826950073242188"></testcase><testcase classname="test_submit" file="test_submit.py" line="892" name="test_2405" time="0.0005609989166259766"></testcase><testcase classname="test_submit" file="test_submit.py" line="896" name="test_2255" time="0.0005645751953125"></testcase><testcase classname="test_submit" file="test_submit.py" line="900" name="test_1577" time="0.0005395412445068359"></testcase><testcase classname="test_submit" file="test_submit.py" line="904" name="test_2090" time="0.0005292892456054688"></testcase><testcase classname="test_submit" file="test_submit.py" line="908" name="test_2960" time="0.0005345344543457031"></testcase><testcase classname="test_submit" file="test_submit.py" line="912" name="test_2260" time="0.0006036758422851562"></testcase></testsuite>